[2/5753] sz000002: no data
[3/5753] sz000003: no data
[5/5753] sz000005: no data
[6/5753] sz000006: no data
[7/5753] sz000007: no data
[8/5753] sz000008: no data
[9/5753] sz000009: no data
[10/5753] sz000010: no data
[11/5753] sz000011: no data
[12/5753] sz000012: no data
[13/5753] sz000013: no data
[14/5753] sz000014: no data
[15/5753] sz000015: no data
[16/5753] sz000016: no data
[18/5753] sz000018: no data
[19/5753] sz000019: no data
[20/5753] sz000020: no data
[21/5753] sz000021: no data
[22/5753] sz000023: no data
[23/5753] sz000024: no data
[24/5753] sz000025: no data
[25/5753] sz000026: no data
[27/5753] sz000028: no data
[28/5753] sz000029: no data
[30/5753] sz000031: no data
[31/5753] sz000032: no data
[32/5753] sz000033: no data
[33/5753] sz000034: no data
[34/5753] sz000035: no data
[35/5753] sz000036: no data
[36/5753] sz000037: no data
[37/5753] sz000038: no data
[38/5753] sz000039: no data
[39/5753] sz000040: no data
[40/5753] sz000042: no data
[41/5753] sz000045: no data
[42/5753] sz000046: no data
[43/5753] sz000047: no data
[44/5753] sz000048: no data
[45/5753] sz000049: no data
[46/5753] sz000050: no data
[47/5753] sz000055: no data
[48/5753] sz000056: no data
[49/5753] sz000058: no data
[50/5753] sz000059: no data
[51/5753] sz000060: no data
[52/5753] sz000061: no data
[53/5753] sz000062: no data
[56/5753] sz000066: no data
[57/5753] sz000068: no data
[58/5753] sz000069: no data
[59/5753] sz000070: no data
[60/5753] sz000078: no data
[61/5753] sz000088: no data
[62/5753] sz000089: no data
[63/5753] sz000090: no data
[64/5753] sz000096: no data
[65/5753] sz000099: no data
[66/5753] sz000100: no data
[67/5753] sz000150: no data
[68/5753] sz000151: no data
[69/5753] sz000153: no data
[70/5753] sz000155: no data
[71/5753] sz000156: no data
[72/5753] sz000157: no data
[73/5753] sz000158: no data
[74/5753] sz000159: no data
[75/5753] sz000166: no data
[76/5753] sz000301: no data
[77/5753] sz000333: no data
[78/5753] sz000338: no data
[80/5753] sz000401: no data
[81/5753] sz000402: no data
[82/5753] sz000403: no data
[83/5753] sz000404: no data
[84/5753] sz000405: no data
[85/5753] sz000406: no data
[86/5753] sz000407: no data
[87/5753] sz000408: no data
[89/5753] sz000410: no data
[90/5753] sz000411: no data
[91/5753] sz000412: no data
[92/5753] sz000413: no data
[93/5753] sz000415: no data
[94/5753] sz000416: no data
[95/5753] sz000417: no data
[96/5753] sz000418: no data
[97/5753] sz000419: no data
[98/5753] sz000420: no data
[99/5753] sz000421: no data
[100/5753] sz000422: no data
[101/5753] sz000423: no data
[102/5753] sz000425: no data
[103/5753] sz000426: no data
[104/5753] sz000428: no data
[105/5753] sz000429: no data
[106/5753] sz000430: no data
[107/5753] sz000488: no data
[108/5753] sz000498: no data
[109/5753] sz000501: no data
[110/5753] sz000502: no data
[111/5753] sz000503: no data
[112/5753] sz000504: no data
[113/5753] sz000505: no data
[116/5753] sz000508: no data
[117/5753] sz000509: no data
[118/5753] sz000510: no data
[119/5753] sz000511: no data
[120/5753] sz000513: no data
[121/5753] sz000514: no data
[122/5753] sz000515: no data
[123/5753] sz000516: no data
[124/5753] sz000517: no data
[125/5753] sz000518: no data
[126/5753] sz000519: no data
[127/5753] sz000520: no data
[128/5753] sz000521: no data
[129/5753] sz000522: no data
[130/5753] sz000523: no data
[131/5753] sz000524: no data
[132/5753] sz000525: no data
[133/5753] sz000526: no data
[134/5753] sz000527: no data
[135/5753] sz000528: no data
[136/5753] sz000529: no data
[137/5753] sz000530: no data
[138/5753] sz000531: no data
[139/5753] sz000532: no data
[140/5753] sz000533: committed
[141/5753] sz000534: no data
[142/5753] sz000535: no data
[143/5753] sz000536: no data
[144/5753] sz000537: no data
[145/5753] sz000538: no data
[146/5753] sz000539: no data
[147/5753] sz000540: no data
[148/5753] sz000541: no data
[149/5753] sz000542: no data
[150/5753] sz000543: no data
[151/5753] sz000544: no data
[153/5753] sz000546: no data
[156/5753] sz000549: no data
[157/5753] sz000550: no data
[158/5753] sz000551: no data
[159/5753] sz000552: no data
[160/5753] sz000553: no data
[161/5753] sz000554: no data
[162/5753] sz000555: no data
[163/5753] sz000556: no data
[169/5753] sz000562: no data
[170/5753] sz000563: committed
[174/5753] sz000567: no data
[175/5753] sz000568: no data
[176/5753] sz000569: no data
[177/5753] sz000570: no data
[178/5753] sz000571: no data
[179/5753] sz000572: no data
[180/5753] sz000573: no data
[181/5753] sz000576: no data
[182/5753] sz000578: no data
[183/5753] sz000581: no data
[184/5753] sz000582: no data
[185/5753] sz000583: no data
[186/5753] sz000584: no data
[187/5753] sz000585: no data
[188/5753] sz000586: no data
[189/5753] sz000587: no data
[190/5753] sz000588: no data
[191/5753] sz000589: no data
[192/5753] sz000590: no data
[193/5753] sz000591: no data
[194/5753] sz000592: no data
[195/5753] sz000593: no data
[196/5753] sz000594: no data
[197/5753] sz000595: no data
[198/5753] sz000596: no data
[199/5753] sz000597: no data
[200/5753] sz000598: no data
[201/5753] sz000599: no data
[203/5753] sz000601: no data
[204/5753] sz000602: no data
[205/5753] sz000603: no data
[206/5753] sz000605: no data
[207/5753] sz000606: no data
[208/5753] sz000607: no data
[209/5753] sz000608: no data
[210/5753] sz000609: no data
[211/5753] sz000610: no data
[212/5753] sz000611: no data
[213/5753] sz000612: no data
[214/5753] sz000613: no data
[215/5753] sz000615: no data
[216/5753] sz000616: no data
[217/5753] sz000617: no data
[218/5753] sz000618: no data
[219/5753] sz000619: no data
[220/5753] sz000620: no data
[221/5753] sz000621: no data
[222/5753] sz000622: no data
[224/5753] sz000625: no data
[226/5753] sz000627: no data
[227/5753] sz000628: no data
[228/5753] sz000629: no data
[229/5753] sz000630: no data
[230/5753] sz000631: no data
[231/5753] sz000632: no data
[232/5753] sz000633: no data
[233/5753] sz000635: no data
[235/5753] sz000637: no data
[236/5753] sz000638: no data
[237/5753] sz000639: no data
[239/5753] sz000651: no data
[240/5753] sz000652: no data
[241/5753] sz000653: no data
[242/5753] sz000655: no data
[243/5753] sz000656: no data
[244/5753] sz000657: no data
[245/5753] sz000658: no data
[246/5753] sz000659: no data
[247/5753] sz000660: no data
[248/5753] sz000661: no data
[249/5753] sz000662: no data
[250/5753] sz000663: no data
[251/5753] sz000665: no data
[252/5753] sz000666: no data
[253/5753] sz000667: no data
[254/5753] sz000668: no data
[255/5753] sz000669: no data
[256/5753] sz000670: no data
[257/5753] sz000671: no data
[258/5753] sz000672: no data
[259/5753] sz000673: no data
[260/5753] sz000675: no data
[262/5753] sz000677: no data
[263/5753] sz000678: no data
[264/5753] sz000679: no data
[265/5753] sz000680: no data
[266/5753] sz000681: no data
[267/5753] sz000682: no data
[268/5753] sz000683: no data
[269/5753] sz000685: no data
[270/5753] sz000686: no data
[271/5753] sz000687: no data
[273/5753] sz000689: no data
[274/5753] sz000690: no data
[275/5753] sz000691: no data
[277/5753] sz000693: no data
[278/5753] sz000695: no data
[279/5753] sz000697: no data
[280/5753] sz000698: no data
[281/5753] sz000699: no data
[282/5753] sz000700: no data
[283/5753] sz000701: no data
[284/5753] sz000702: no data
[285/5753] sz000703: no data
[288/5753] sz000708: no data
[289/5753] sz000709: no data
[290/5753] sz000710: no data
[291/5753] sz000711: no data
[292/5753] sz000712: no data
[293/5753] sz000713: no data
[294/5753] sz000715: no data
[295/5753] sz000716: no data
[297/5753] sz000718: no data
[298/5753] sz000719: no data
[299/5753] sz000720: no data
[300/5753] sz000721: no data
[301/5753] sz000722: no data
[302/5753] sz000723: no data
[303/5753] sz000725: no data
[304/5753] sz000726: no data
[305/5753] sz000727: no data
[306/5753] sz000728: no data
[307/5753] sz000729: no data
[308/5753] sz000730: no data
[309/5753] sz000731: no data
[310/5753] sz000732: no data
[313/5753] sz000736: no data
[314/5753] sz000737: no data
[317/5753] sz000748: no data
[318/5753] sz000750: no data
[319/5753] sz000751: no data
[320/5753] sz000752: no data
[321/5753] sz000753: no data
[322/5753] sz000755: no data
[323/5753] sz000756: no data
[324/5753] sz000757: no data
[325/5753] sz000758: no data
[326/5753] sz000759: no data
[327/5753] sz000760: no data
[330/5753] sz000763: no data
[331/5753] sz000765: no data
[335/5753] sz000769: no data
[340/5753] sz000780: no data
[345/5753] sz000787: no data
[350/5753] sz000792: committed
[360/5753] sz000803: committed
[361/5753] sz000805: no data
[362/5753] sz000806: no data
[370/5753] sz000816: committed
[371/5753] sz000817: no data
[380/5753] sz000827: no data
[385/5753] sz000832: no data
[387/5753] sz000835: no data
[388/5753] sz000836: no data
[390/5753] sz000838: committed
[400/5753] sz000861: no data
[403/5753] sz000866: no data
[410/5753] sz000880: committed
[420/5753] sz000892: committed
[430/5753] sz000905: committed
[439/5753] sz000916: no data
[440/5753] sz000917: committed
[441/5753] sz000918: no data
[450/5753] sz000928: committed
[460/5753] sz000939: no data
[468/5753] sz000956: no data
[470/5753] sz000958: committed
[473/5753] sz000961: no data
[480/5753] sz000969: committed
[482/5753] sz000971: no data
[486/5753] sz000976: no data
[489/5753] sz000979: no data
[490/5753] sz000980: committed
[492/5753] sz000982: no data
[500/5753] sz000995: committed
[501/5753] sz000996: no data
[510/5753] sz001207: committed
[520/5753] sz001218: committed
[530/5753] sz001230: committed
[540/5753] sz001260: committed
[550/5753] sz001283: committed
[551/5753] sz001285: no data
[560/5753] sz001301: committed
[570/5753] sz001319: committed
[580/5753] sz001335: committed
[590/5753] sz001367: committed
[600/5753] sz001389: committed
[610/5753] sz001979: committed
[612/5753] sz002002: no data
[620/5753] sz002010: committed
[623/5753] sz002013: no data
[628/5753] sz002018: no data
[630/5753] sz002020: committed
[640/5753] sz002030: committed
[650/5753] sz002040: committed
[660/5753] sz002050: committed
[670/5753] sz002060: committed
[680/5753] sz002070: no data
[681/5753] sz002071: no data
[690/5753] sz002080: committed
[697/5753] sz002087: no data
[699/5753] sz002089: no data
[700/5753] sz002090: committed
[710/5753] sz002100: committed
[720/5753] sz002110: committed
[723/5753] sz002113: no data
[728/5753] sz002118: no data
[730/5753] sz002120: committed
[740/5753] sz002130: committed
[750/5753] sz002140: committed
[753/5753] sz002143: no data
[757/5753] sz002147: no data
[760/5753] sz002150: committed
[770/5753] sz002160: committed
[780/5753] sz002170: committed
[790/5753] sz002180: committed
[800/5753] sz002190: committed
[810/5753] sz002200: committed
[820/5753] sz002210: committed
[830/5753] sz002220: no data
[839/5753] sz002229: no data
[840/5753] sz002230: no data
[841/5753] sz002231: no data
[842/5753] sz002232: no data
[843/5753] sz002233: no data
[844/5753] sz002234: no data
[845/5753] sz002235: no data
[846/5753] sz002236: no data
[847/5753] sz002237: no data
[848/5753] sz002238: no data
[849/5753] sz002239: no data
[850/5753] sz002240: no data
[851/5753] sz002241: no data
[852/5753] sz002242: no data
[853/5753] sz002243: no data
[854/5753] sz002244: no data
[855/5753] sz002245: no data
[856/5753] sz002246: no data
[857/5753] sz002247: no data
[858/5753] sz002248: no data
[859/5753] sz002249: no data
[860/5753] sz002250: no data
[861/5753] sz002251: no data
[862/5753] sz002252: no data
[863/5753] sz002253: no data
[864/5753] sz002254: no data
[865/5753] sz002255: no data
[866/5753] sz002256: no data
[867/5753] sz002258: no data
[868/5753] sz002259: no data
[869/5753] sz002260: no data
[870/5753] sz002261: no data
[871/5753] sz002262: no data
[872/5753] sz002263: no data
[873/5753] sz002264: no data
[874/5753] sz002265: no data
[875/5753] sz002266: no data
[876/5753] sz002267: no data
[877/5753] sz002268: no data
[878/5753] sz002269: no data
[879/5753] sz002270: no data
[880/5753] sz002271: no data
[881/5753] sz002272: no data
[882/5753] sz002273: no data
[883/5753] sz002274: no data
[884/5753] sz002275: no data
[885/5753] sz002276: no data
[886/5753] sz002277: no data
[887/5753] sz002278: no data
[888/5753] sz002279: no data
[889/5753] sz002280: no data
[890/5753] sz002281: no data
[891/5753] sz002282: no data
[892/5753] sz002283: no data
[893/5753] sz002284: no data
[894/5753] sz002285: no data
[895/5753] sz002286: no data
[896/5753] sz002287: no data
[897/5753] sz002288: no data
[898/5753] sz002289: no data
[899/5753] sz002290: no data
[900/5753] sz002291: no data
[901/5753] sz002292: no data
[902/5753] sz002293: no data
[903/5753] sz002294: no data
[904/5753] sz002295: no data
[905/5753] sz002296: no data
[910/5753] sz002301: committed
[912/5753] sz002303: no data
[917/5753] sz002308: no data
[919/5753] sz002310: no data
[920/5753] sz002311: no data
[921/5753] sz002312: no data
[922/5753] sz002313: no data
[923/5753] sz002314: no data
[924/5753] sz002315: no data
[925/5753] sz002316: no data
[926/5753] sz002317: no data
[927/5753] sz002318: no data
[930/5753] sz002321: committed
[934/5753] sz002325: no data
[940/5753] sz002331: no data
[941/5753] sz002332: no data
[942/5753] sz002333: no data
[943/5753] sz002334: no data
[944/5753] sz002335: no data
[945/5753] sz002336: no data
[946/5753] sz002337: no data
[947/5753] sz002338: no data
[948/5753] sz002339: no data
[949/5753] sz002340: no data
[950/5753] sz002341: no data
[955/5753] sz002346: no data
[960/5753] sz002351: committed
[967/5753] sz002358: no data
[968/5753] sz002359: no data
[970/5753] sz002361: committed
[974/5753] sz002365: no data
[975/5753] sz002366: no data
[976/5753] sz002367: no data
[977/5753] sz002368: no data
[978/5753] sz002369: no data
[979/5753] sz002370: no data
[980/5753] sz002371: no data
[981/5753] sz002372: no data
[982/5753] sz002373: no data
[990/5753] sz002381: committed
[1000/5753] sz002391: committed
[1010/5753] sz002401: committed
[1011/5753] sz002402: no data
[1012/5753] sz002403: no data
[1013/5753] sz002404: no data
[1014/5753] sz002405: no data
[1015/5753] sz002406: no data
[1017/5753] sz002408: no data
[1018/5753] sz002409: no data
[1019/5753] sz002410: no data
[1020/5753] sz002411: no data
[1023/5753] sz002414: no data
[1026/5753] sz002417: no data
[1030/5753] sz002421: committed
[1040/5753] sz002431: committed
[1042/5753] sz002433: no data
[1044/5753] sz002435: no data
[1045/5753] sz002436: no data
[1046/5753] sz002437: no data
[1047/5753] sz002438: no data
[1048/5753] sz002439: no data
[1049/5753] sz002440: no data
[1050/5753] sz002441: no data
[1051/5753] sz002442: no data
[1052/5753] sz002443: no data
[1056/5753] sz002447: no data
[1059/5753] sz002450: no data
[1060/5753] sz002451: committed
[1069/5753] sz002460: no data
[1070/5753] sz002461: committed
[1073/5753] sz002464: no data
[1076/5753] sz002467: no data
[1080/5753] sz002471: no data
[1081/5753] sz002472: no data
[1082/5753] sz002473: no data
[1083/5753] sz002474: no data
[1084/5753] sz002475: no data
[1085/5753] sz002476: no data
[1086/5753] sz002477: no data
[1087/5753] sz002478: no data
[1088/5753] sz002479: no data
[1089/5753] sz002480: no data
[1090/5753] sz002481: committed
[1091/5753] sz002482: no data
[1100/5753] sz002491: committed
[1103/5753] sz002494: no data
[1104/5753] sz002495: no data
[1105/5753] sz002496: no data
[1106/5753] sz002497: no data
[1107/5753] sz002498: no data
[1108/5753] sz002499: no data
[1110/5753] sz002501: no data
[1111/5753] sz002502: no data
[1112/5753] sz002503: no data
[1113/5753] sz002504: no data
[1114/5753] sz002505: no data
[1116/5753] sz002507: no data
[1118/5753] sz002509: no data
[1120/5753] sz002511: committed
[1121/5753] sz002512: no data
[1122/5753] sz002513: no data
[1123/5753] sz002514: no data
[1124/5753] sz002515: no data
[1125/5753] sz002516: no data
[1126/5753] sz002517: no data
[1127/5753] sz002518: no data
[1129/5753] sz002520: no data
[1130/5753] sz002521: committed
[1132/5753] sz002523: no data
[1133/5753] sz002524: no data
[1134/5753] sz002526: no data
[1140/5753] sz002532: committed
[1142/5753] sz002534: no data
[1143/5753] sz002535: no data
[1145/5753] sz002537: no data
[1146/5753] sz002538: no data
[1147/5753] sz002539: no data
[1148/5753] sz002540: no data
[1149/5753] sz002541: no data
[1150/5753] sz002542: no data
[1152/5753] sz002544: no data
[1160/5753] sz002552: committed
[1161/5753] sz002553: no data
[1167/5753] sz002559: no data
[1168/5753] sz002560: no data
[1169/5753] sz002561: no data
[1170/5753] sz002562: no data
[1171/5753] sz002563: no data
[1172/5753] sz002564: no data
[1173/5753] sz002565: no data
[1174/5753] sz002566: no data
[1180/5753] sz002572: committed
[1190/5753] sz002582: committed
[1200/5753] sz002592: committed
[1210/5753] sz002602: committed
[1212/5753] sz002604: no data
[1216/5753] sz002608: no data
[1217/5753] sz002609: no data
[1218/5753] sz002610: no data
[1219/5753] sz002611: no data
[1220/5753] sz002612: no data
[1221/5753] sz002613: no data
[1222/5753] sz002614: no data
[1223/5753] sz002615: no data
[1224/5753] sz002616: no data
[1226/5753] sz002618: no data
[1227/5753] sz002619: no data
[1229/5753] sz002621: no data
[1230/5753] sz002622: no data
[1240/5753] sz002632: committed
[1248/5753] sz002640: no data
[1249/5753] sz002641: no data
[1250/5753] sz002642: no data
[1251/5753] sz002643: no data
[1252/5753] sz002644: no data
[1253/5753] sz002645: no data
[1254/5753] sz002646: no data
[1255/5753] sz002647: no data
[1256/5753] sz002648: no data
[1260/5753] sz002652: committed
[1270/5753] sz002662: committed
[1273/5753] sz002665: no data
[1280/5753] sz002672: committed
[1285/5753] sz002677: no data
[1286/5753] sz002678: no data
[1287/5753] sz002679: no data
[1288/5753] sz002680: no data
[1289/5753] sz002681: no data
[1290/5753] sz002682: no data
[1291/5753] sz002683: no data
[1292/5753] sz002684: no data
[1293/5753] sz002685: no data
[1294/5753] sz002686: no data
[1295/5753] sz002687: no data
[1300/5753] sz002692: committed
[1307/5753] sz002699: no data
[1310/5753] sz002702: committed
[1311/5753] sz002703: no data
[1312/5753] sz002705: no data
[1313/5753] sz002706: no data
[1314/5753] sz002707: no data
[1315/5753] sz002708: no data
[1316/5753] sz002709: no data
[1317/5753] sz002711: no data
[1318/5753] sz002712: no data
[1319/5753] sz002713: no data
[1320/5753] sz002714: no data
[1321/5753] sz002715: no data
[1322/5753] sz002716: no data
[1330/5753] sz002725: committed
[1333/5753] sz002728: no data
[1334/5753] sz002729: no data
[1335/5753] sz002730: no data
[1336/5753] sz002731: no data
[1337/5753] sz002732: no data
[1338/5753] sz002733: no data
[1339/5753] sz002734: no data
[1340/5753] sz002735: no data
[1341/5753] sz002736: no data
[1342/5753] sz002737: no data
[1345/5753] sz002740: no data
[1350/5753] sz002746: committed
[1354/5753] sz002750: no data
[1355/5753] sz002751: no data
[1357/5753] sz002753: no data
[1358/5753] sz002755: no data
[1359/5753] sz002756: no data
[1360/5753] sz002757: no data
[1361/5753] sz002758: no data
[1362/5753] sz002759: no data
[1363/5753] sz002760: no data
[1364/5753] sz002761: no data
[1365/5753] sz002762: no data
[1366/5753] sz002763: no data
[1367/5753] sz002765: no data
[1370/5753] sz002768: committed
[1372/5753] sz002770: no data
[1378/5753] sz002776: no data
[1380/5753] sz002778: committed
[1383/5753] sz002781: no data
[1390/5753] sz002789: committed
[1400/5753] sz002800: committed
[1403/5753] sz002803: no data
[1404/5753] sz002805: no data
[1405/5753] sz002806: no data
[1406/5753] sz002807: no data
[1407/5753] sz002808: no data
[1409/5753] sz002810: no data
[1410/5753] sz002811: no data
[1411/5753] sz002812: no data
[1413/5753] sz002815: no data
[1420/5753] sz002822: no data
[1421/5753] sz002823: no data
[1422/5753] sz002824: no data
[1423/5753] sz002825: no data
[1424/5753] sz002826: no data
[1425/5753] sz002827: no data
[1426/5753] sz002828: no data
[1427/5753] sz002829: no data
[1428/5753] sz002830: no data
[1430/5753] sz002832: committed
[1435/5753] sz002838: no data
[1436/5753] sz002839: no data
[1440/5753] sz002843: committed
[1443/5753] sz002847: no data
[1444/5753] sz002848: no data
[1445/5753] sz002849: no data
[1446/5753] sz002850: no data
[1447/5753] sz002851: no data
[1449/5753] sz002853: no data
[1450/5753] sz002855: no data
[1451/5753] sz002856: no data
[1452/5753] sz002857: no data
[1453/5753] sz002858: no data
[1457/5753] sz002862: no data
[1460/5753] sz002865: committed
[1466/5753] sz002871: no data
[1467/5753] sz002872: no data
[1468/5753] sz002873: no data
[1469/5753] sz002875: no data
[1470/5753] sz002876: no data
[1471/5753] sz002877: no data
[1472/5753] sz002878: no data
[1473/5753] sz002879: no data
[1480/5753] sz002886: no data
[1481/5753] sz002887: no data
[1488/5753] sz002895: no data
[1489/5753] sz002896: no data
[1490/5753] sz002897: no data
[1491/5753] sz002898: no data
[1492/5753] sz002899: no data
[1493/5753] sz002900: no data
[1494/5753] sz002901: no data
[1495/5753] sz002902: no data
[1496/5753] sz002903: no data
[1500/5753] sz002908: committed
[1510/5753] sz002919: no data
[1518/5753] sz002928: no data
[1519/5753] sz002929: no data
[1520/5753] sz002930: no data
[1521/5753] sz002931: no data
[1522/5753] sz002932: no data
[1523/5753] sz002933: no data
[1524/5753] sz002935: no data
[1525/5753] sz002936: no data
[1530/5753] sz002941: committed
[1538/5753] sz002950: no data
[1540/5753] sz002952: committed
[1543/5753] sz002956: no data
[1544/5753] sz002957: no data
[1545/5753] sz002958: no data
[1546/5753] sz002959: no data
[1547/5753] sz002960: no data
[1548/5753] sz002961: no data
[1549/5753] sz002962: no data
[1550/5753] sz002963: no data
[1551/5753] sz002965: no data
[1560/5753] sz002975: committed
[1564/5753] sz002979: no data
[1570/5753] sz002985: committed
[1580/5753] sz002996: committed
[1590/5753] sz003006: committed
[1594/5753] sz003010: no data
[1595/5753] sz003011: no data
[1596/5753] sz003012: no data
[1597/5753] sz003013: no data
[1598/5753] sz003015: no data
[1599/5753] sz003016: no data
[1600/5753] sz003017: no data
[1601/5753] sz003018: no data
[1602/5753] sz003019: no data
[1610/5753] sz003028: committed
[1620/5753] sz003039: committed
[1630/5753] sz300005: committed
[1638/5753] sz300013: no data
[1640/5753] sz300015: committed
[1648/5753] sz300023: no data
[1650/5753] sz300025: no data
[1651/5753] sz300026: no data
[1652/5753] sz300027: no data
[1653/5753] sz300028: no data
[1654/5753] sz300029: no data
[1655/5753] sz300030: no data
[1656/5753] sz300031: no data
[1657/5753] sz300032: no data
[1660/5753] sz300035: committed
[1663/5753] sz300038: no data
[1670/5753] sz300045: committed
[1680/5753] sz300055: committed
[1688/5753] sz300064: no data
[1690/5753] sz300066: committed
[1697/5753] sz300073: no data
[1698/5753] sz300074: no data
[1699/5753] sz300075: no data
[1700/5753] sz300076: no data
[1701/5753] sz300077: no data
[1702/5753] sz300078: no data
[1703/5753] sz300079: no data
[1704/5753] sz300080: no data
[1705/5753] sz300081: no data
[1710/5753] sz300086: committed
[1713/5753] sz300089: no data
[1714/5753] sz300090: no data
[1715/5753] sz300091: no data
[1716/5753] sz300092: no data
[1719/5753] sz300095: no data
[1720/5753] sz300096: no data
[1721/5753] sz300097: no data
[1723/5753] sz300099: no data
[1724/5753] sz300100: no data
[1725/5753] sz300101: no data
[1726/5753] sz300102: no data
[1727/5753] sz300103: no data
[1728/5753] sz300104: no data
[1730/5753] sz300106: no data
[1732/5753] sz300108: no data
[1739/5753] sz300116: no data
[1740/5753] sz300117: no data
[1750/5753] sz300127: committed
[1760/5753] sz300137: committed
[1764/5753] sz300141: no data
[1765/5753] sz300142: no data
[1766/5753] sz300143: no data
[1767/5753] sz300144: no data
[1768/5753] sz300145: no data
[1770/5753] sz300147: no data
[1771/5753] sz300148: no data
[1772/5753] sz300149: no data
[1779/5753] sz300156: no data
[1780/5753] sz300157: committed
[1789/5753] sz300166: no data
[1790/5753] sz300167: committed
[1795/5753] sz300172: no data
[1796/5753] sz300173: no data
[1797/5753] sz300174: no data
[1798/5753] sz300175: no data
[1799/5753] sz300176: no data
[1800/5753] sz300177: no data
[1801/5753] sz300178: no data
[1802/5753] sz300179: no data
[1803/5753] sz300180: no data
[1809/5753] sz300186: no data
[1810/5753] sz300187: committed
[1820/5753] sz300197: committed
[1825/5753] sz300202: no data
[1830/5753] sz300207: committed
[1831/5753] sz300208: no data
[1839/5753] sz300216: no data
[1840/5753] sz300217: committed
[1850/5753] sz300227: committed
[1856/5753] sz300233: no data
[1857/5753] sz300234: no data
[1858/5753] sz300235: no data
[1859/5753] sz300236: no data
[1860/5753] sz300237: no data
[1861/5753] sz300238: no data
[1862/5753] sz300239: no data
[1864/5753] sz300241: no data
[1870/5753] sz300247: committed
[1880/5753] sz300257: committed
[1885/5753] sz300262: no data
[1890/5753] sz300267: committed
[1896/5753] sz300273: no data
[1900/5753] sz300277: committed
[1905/5753] sz300282: no data
[1910/5753] sz300287: committed
[1915/5753] sz300292: no data
[1916/5753] sz300293: no data
[1917/5753] sz300294: no data
[1918/5753] sz300295: no data
[1919/5753] sz300296: no data
[1920/5753] sz300297: no data
[1921/5753] sz300298: no data
[1922/5753] sz300299: no data
[1930/5753] sz300307: committed
[1932/5753] sz300309: no data
[1935/5753] sz300312: no data
[1940/5753] sz300317: committed
[1948/5753] sz300325: no data
[1950/5753] sz300327: committed
[1953/5753] sz300330: no data
[1959/5753] sz300336: no data
[1960/5753] sz300337: no data
[1961/5753] sz300338: no data
[1962/5753] sz300339: no data
[1963/5753] sz300340: no data
[1964/5753] sz300341: no data
[1965/5753] sz300342: no data
[1966/5753] sz300343: no data
[1967/5753] sz300344: no data
[1969/5753] sz300346: no data
[1970/5753] sz300347: no data
[1979/5753] sz300356: no data
[1980/5753] sz300357: committed
[1984/5753] sz300362: no data
[1989/5753] sz300367: no data
[1990/5753] sz300368: committed
[1994/5753] sz300372: no data
[1995/5753] sz300373: no data
[1996/5753] sz300374: no data
[1997/5753] sz300375: no data
[1998/5753] sz300376: no data
[1999/5753] sz300377: no data
[2000/5753] sz300378: no data
[2001/5753] sz300379: no data
[2002/5753] sz300380: no data
[2003/5753] sz300381: no data
[2010/5753] sz300388: committed
[2014/5753] sz300392: no data
[2020/5753] sz300398: committed
[2027/5753] sz300405: no data
[2028/5753] sz300406: no data
[2029/5753] sz300407: no data
[2030/5753] sz300408: no data
[2031/5753] sz300409: no data
[2032/5753] sz300410: no data
[2033/5753] sz300411: no data
[2034/5753] sz300412: no data
[2040/5753] sz300418: committed
[2041/5753] sz300419: no data
[2050/5753] sz300428: committed
[2053/5753] sz300431: no data
[2060/5753] sz300438: committed
[2070/5753] sz300448: committed
[2080/5753] sz300458: committed
[2083/5753] sz300461: no data
[2084/5753] sz300462: no data
[2085/5753] sz300463: no data
[2086/5753] sz300464: no data
[2087/5753] sz300465: no data
[2088/5753] sz300466: no data
[2089/5753] sz300467: no data
[2090/5753] sz300468: no data
[2091/5753] sz300469: no data
[2100/5753] sz300478: committed
[2105/5753] sz300483: no data
[2106/5753] sz300484: no data
[2107/5753] sz300485: no data
[2110/5753] sz300488: committed
[2117/5753] sz300495: no data
[2120/5753] sz300498: committed
[2127/5753] sz300505: no data
[2128/5753] sz300506: no data
[2129/5753] sz300507: no data
[2130/5753] sz300508: committed
[2131/5753] sz300509: no data
[2132/5753] sz300510: no data
[2134/5753] sz300512: no data
[2135/5753] sz300513: no data
[2136/5753] sz300514: no data
[2140/5753] sz300518: committed
[2147/5753] sz300526: no data
[2150/5753] sz300529: committed
[2160/5753] sz300539: committed
[2170/5753] sz300550: committed
[2180/5753] sz300560: committed
[2190/5753] sz300570: committed
[2200/5753] sz300581: committed
[2205/5753] sz300586: no data
[2206/5753] sz300587: no data
[2207/5753] sz300588: no data
[2208/5753] sz300589: no data
[2209/5753] sz300590: no data
[2210/5753] sz300591: no data
[2211/5753] sz300592: no data
[2212/5753] sz300593: no data
[2214/5753] sz300595: no data
[2215/5753] sz300596: no data
[2220/5753] sz300601: committed
[2230/5753] sz300611: committed
[2240/5753] sz300621: committed
[2249/5753] sz300630: no data
[2250/5753] sz300631: committed
[2260/5753] sz300641: committed
[2270/5753] sz300652: committed
[2277/5753] sz300659: no data
[2278/5753] sz300660: no data
[2279/5753] sz300661: no data
[2280/5753] sz300662: no data
[2281/5753] sz300663: no data
[2282/5753] sz300664: no data
[2283/5753] sz300665: no data
[2284/5753] sz300666: no data
[2290/5753] sz300672: committed
[2300/5753] sz300682: committed
[2301/5753] sz300683: no data
[2310/5753] sz300692: committed
[2320/5753] sz300702: committed
[2327/5753] sz300710: no data
[2328/5753] sz300711: no data
[2329/5753] sz300712: no data
[2330/5753] sz300713: committed
[2334/5753] sz300718: no data
[2335/5753] sz300719: no data
[2336/5753] sz300720: no data
[2337/5753] sz300721: no data
[2340/5753] sz300724: committed
[2350/5753] sz300736: committed
[2356/5753] sz300742: no data
[2360/5753] sz300747: committed
[2370/5753] sz300758: committed
[2380/5753] sz300769: committed
[2387/5753] sz300776: no data
[2390/5753] sz300779: committed
[2400/5753] sz300789: committed
[2404/5753] sz300793: no data
[2405/5753] sz300795: no data
[2406/5753] sz300796: no data
[2407/5753] sz300797: no data
[2408/5753] sz300798: no data
[2409/5753] sz300799: no data
[2410/5753] sz300800: no data
[2411/5753] sz300801: no data
[2420/5753] sz300810: committed
[2430/5753] sz300820: committed
[2440/5753] sz300830: committed
[2450/5753] sz300840: committed
[2457/5753] sz300847: no data
[2458/5753] sz300848: no data
[2459/5753] sz300849: no data
[2460/5753] sz300850: no data
[2461/5753] sz300851: no data
[2462/5753] sz300852: no data
[2463/5753] sz300853: no data
[2464/5753] sz300854: no data
[2470/5753] sz300860: committed
[2480/5753] sz300870: committed
[2490/5753] sz300881: committed
[2500/5753] sz300891: committed
[2510/5753] sz300901: committed
[2520/5753] sz300911: committed
[2530/5753] sz300922: committed
[2540/5753] sz300933: committed
[2550/5753] sz300945: committed
[2560/5753] sz300956: committed
[2563/5753] sz300959: no data
[2564/5753] sz300960: no data
[2565/5753] sz300961: no data
[2566/5753] sz300962: no data
[2567/5753] sz300963: no data
[2568/5753] sz300964: no data
[2570/5753] sz300966: committed
[2580/5753] sz300977: no data
[2584/5753] sz300981: no data
[2590/5753] sz300987: committed
[2600/5753] sz300997: committed
[2604/5753] sz301001: no data
[2605/5753] sz301002: no data
[2606/5753] sz301003: no data
[2607/5753] sz301004: no data
[2608/5753] sz301005: no data
[2609/5753] sz301006: no data
[2610/5753] sz301007: no data
[2611/5753] sz301008: no data
[2612/5753] sz301009: no data
[2618/5753] sz301016: no data
[2620/5753] sz301018: committed
[2630/5753] sz301028: committed
[2640/5753] sz301039: committed
[2650/5753] sz301050: committed
[2660/5753] sz301061: committed
[2662/5753] sz301063: no data
[2668/5753] sz301070: no data
[2669/5753] sz301071: no data
[2670/5753] sz301072: no data
[2671/5753] sz301073: no data
[2672/5753] sz301075: no data
[2674/5753] sz301077: no data
[2675/5753] sz301078: no data
[2676/5753] sz301079: no data
[2680/5753] sz301083: committed
[2690/5753] sz301095: committed
[2700/5753] sz301106: committed
[2710/5753] sz301117: committed
[2720/5753] sz301128: committed
[2726/5753] sz301135: no data
[2730/5753] sz301139: committed
[2731/5753] sz301141: no data
[2732/5753] sz301148: no data
[2733/5753] sz301149: no data
[2734/5753] sz301150: no data
[2735/5753] sz301151: no data
[2736/5753] sz301152: no data
[2737/5753] sz301153: no data
[2740/5753] sz301157: committed
[2750/5753] sz301168: committed
[2760/5753] sz301179: committed
[2770/5753] sz301190: committed
[2780/5753] sz301201: no data
[2781/5753] sz301202: no data
[2782/5753] sz301203: no data
[2783/5753] sz301205: no data
[2784/5753] sz301206: no data
[2785/5753] sz301207: no data
[2786/5753] sz301208: no data
[2787/5753] sz301209: no data
[2788/5753] sz301210: no data
[2790/5753] sz301212: committed
[2800/5753] sz301223: committed
[2810/5753] sz301234: no data
[2811/5753] sz301235: no data
[2812/5753] sz301236: no data
[2813/5753] sz301237: no data
[2814/5753] sz301238: no data
[2815/5753] sz301239: no data
[2816/5753] sz301246: no data
[2817/5753] sz301248: no data
[2819/5753] sz301252: no data
[2820/5753] sz301255: committed
[2830/5753] sz301266: committed
[2840/5753] sz301278: committed
[2850/5753] sz301289: committed
[2859/5753] sz301299: no data
[2860/5753] sz301300: no data
[2861/5753] sz301301: no data
[2863/5753] sz301303: no data
[2864/5753] sz301305: no data
[2865/5753] sz301306: no data
[2867/5753] sz301308: no data
[2868/5753] sz301309: no data
[2870/5753] sz301311: committed
[2880/5753] sz301321: committed
[2890/5753] sz301332: committed
[2897/5753] sz301345: no data
[2899/5753] sz301349: no data
[2900/5753] sz301353: no data
[2902/5753] sz301356: no data
[2903/5753] sz301357: no data
[2904/5753] sz301358: no data
[2905/5753] sz301359: no data
[2906/5753] sz301360: no data
[2907/5753] sz301361: no data
[2908/5753] sz301362: no data
[2909/5753] sz301363: no data
[2910/5753] sz301365: committed
[2920/5753] sz301377: committed
[2929/5753] sz301388: no data
[2930/5753] sz301389: no data
[2931/5753] sz301390: no data
[2932/5753] sz301391: no data
[2934/5753] sz301393: no data
[2935/5753] sz301395: no data
[2936/5753] sz301396: no data
[2937/5753] sz301397: no data
[2940/5753] sz301408: committed
[2950/5753] sz301456: committed
[2959/5753] sz301489: no data
[2960/5753] sz301491: committed
[2970/5753] sz301509: committed
[2980/5753] sz301522: committed
[2990/5753] sz301548: committed
[2992/5753] sz301551: no data
[2993/5753] sz301552: no data
[2994/5753] sz301555: no data
[2995/5753] sz301556: no data
[2996/5753] sz301557: no data
[2997/5753] sz301558: no data
[2998/5753] sz301559: no data
[2999/5753] sz301560: no data
[3000/5753] sz301563: no data
[3010/5753] sz301581: committed
[3011/5753] sz301584: no data
[3020/5753] sz301595: committed
[3030/5753] sz301609: committed
[3040/5753] sz301630: committed
[3045/5753] sz301656: no data
[3049/5753] sz301668: no data
[3050/5753] sz301678: committed
[3060/5753] bj430476: committed
[3062/5753] bj430510: no data
[3063/5753] bj430556: no data
[3064/5753] bj430564: no data
[3065/5753] bj430685: no data
[3066/5753] bj430718: no data
[3067/5753] sh600000: no data
[3068/5753] sh600001: no data
[3069/5753] sh600002: no data
[3070/5753] sh600003: no data
[3072/5753] sh600005: no data
[3080/5753] sh600015: committed
[3090/5753] sh600026: no data
[3100/5753] sh600037: committed
[3110/5753] sh600056: committed
[3117/5753] sh600063: no data
[3118/5753] sh600064: no data
[3119/5753] sh600065: no data
[3120/5753] sh600066: no data
[3122/5753] sh600068: no data
[3123/5753] sh600069: no data
[3124/5753] sh600070: no data
[3128/5753] sh600074: no data
[3130/5753] sh600076: committed
[3131/5753] sh600077: no data
[3137/5753] sh600083: no data
[3140/5753] sh600086: no data
[3141/5753] sh600087: no data
[3144/5753] sh600090: no data
[3145/5753] sh600091: no data
[3146/5753] sh600092: no data
[3147/5753] sh600093: no data
[3150/5753] sh600096: committed
[3156/5753] sh600102: no data
[3160/5753] sh600106: committed
[3166/5753] sh600112: no data
[3170/5753] sh600116: committed
[3176/5753] sh600122: no data
[3180/5753] sh600127: committed
[3182/5753] sh600129: no data
[3183/5753] sh600130: no data
[3184/5753] sh600131: no data
[3185/5753] sh600132: no data
[3186/5753] sh600133: no data
[3187/5753] sh600135: no data
[3188/5753] sh600136: no data
[3189/5753] sh600137: no data
[3190/5753] sh600138: committed
[3191/5753] sh600139: no data
[3194/5753] sh600145: no data
[3195/5753] sh600146: no data
[3200/5753] sh600152: committed
[3210/5753] sh600163: committed
[3220/5753] sh600175: no data
[3221/5753] sh600176: no data
[3222/5753] sh600177: no data
[3224/5753] sh600179: no data
[3225/5753] sh600180: no data
[3226/5753] sh600181: no data
[3227/5753] sh600182: no data
[3228/5753] sh600183: no data
[3229/5753] sh600184: no data
[3230/5753] sh600185: no data
[3235/5753] sh600190: no data
[3240/5753] sh600196: committed
[3248/5753] sh600205: no data
[3250/5753] sh600207: no data
[3252/5753] sh600209: no data
[3256/5753] sh600213: no data
[3260/5753] sh600218: committed
[3262/5753] sh600220: no data
[3266/5753] sh600225: no data
[3267/5753] sh600226: no data
[3268/5753] sh600227: no data
[3269/5753] sh600228: no data
[3270/5753] sh600229: no data
[3271/5753] sh600230: no data
[3272/5753] sh600231: no data
[3273/5753] sh600232: no data
[3276/5753] sh600235: no data
[3280/5753] sh600239: committed
[3281/5753] sh600240: no data
[3283/5753] sh600242: no data
[3286/5753] sh600247: no data
[3290/5753] sh600251: committed
[3292/5753] sh600253: no data
[3298/5753] sh600260: no data
[3300/5753] sh600262: committed
[3301/5753] sh600263: no data
[3307/5753] sh600270: no data
[3310/5753] sh600273: no data
[3311/5753] sh600275: no data
[3312/5753] sh600276: no data
[3313/5753] sh600277: no data
[3314/5753] sh600278: no data
[3315/5753] sh600279: no data
[3316/5753] sh600280: no data
[3318/5753] sh600282: no data
[3320/5753] sh600284: committed
[3322/5753] sh600286: no data
[3326/5753] sh600290: no data
[3327/5753] sh600291: no data
[3330/5753] sh600295: committed
[3331/5753] sh600296: no data
[3332/5753] sh600297: no data
[3340/5753] sh600306: no data
[3345/5753] sh600311: no data
[3350/5753] sh600317: no data
[3354/5753] sh600321: no data
[3360/5753] sh600328: committed
[3370/5753] sh600339: committed
[3380/5753] sh600354: committed
[3383/5753] sh600357: no data
[3386/5753] sh600360: no data
[3387/5753] sh600361: no data
[3388/5753] sh600362: no data
[3389/5753] sh600363: no data
[3390/5753] sh600365: no data
[3391/5753] sh600366: no data
[3392/5753] sh600367: no data
[3393/5753] sh600368: no data
[3400/5753] sh600376: committed
[3408/5753] sh600385: no data
[3410/5753] sh600387: no data
[3416/5753] sh600393: no data
[3420/5753] sh600398: committed
[3423/5753] sh600401: no data
[3430/5753] sh600415: committed
[3440/5753] sh600428: committed
[3442/5753] sh600432: no data
[3450/5753] sh600448: committed
[3459/5753] sh600462: no data
[3460/5753] sh600463: committed
[3461/5753] sh600466: no data
[3466/5753] sh600472: no data
[3470/5753] sh600478: committed
[3476/5753] sh600485: no data
[3480/5753] sh600489: committed
[3490/5753] sh600501: committed
[3496/5753] sh600508: no data
[3497/5753] sh600509: no data
[3498/5753] sh600510: no data
[3499/5753] sh600511: no data
[3500/5753] sh600512: no data
[3501/5753] sh600513: no data
[3502/5753] sh600515: no data
[3503/5753] sh600516: no data
[3510/5753] sh600523: committed
[3518/5753] sh600532: no data
[3520/5753] sh600535: committed
[3530/5753] sh600548: committed
[3535/5753] sh600553: no data
[3536/5753] sh600555: no data
[3540/5753] sh600559: committed
[3545/5753] sh600565: no data
[3550/5753] sh600570: committed
[3560/5753] sh600581: committed
[3570/5753] sh600591: no data
[3580/5753] sh600601: committed
[3586/5753] sh600607: no data
[3590/5753] sh600611: committed
[3593/5753] sh600614: no data
[3600/5753] sh600621: committed
[3604/5753] sh600625: no data
[3605/5753] sh600626: no data
[3606/5753] sh600627: no data
[3607/5753] sh600628: no data
[3608/5753] sh600629: no data
[3609/5753] sh600630: no data
[3610/5753] sh600631: no data
[3611/5753] sh600632: no data
[3613/5753] sh600634: no data
[3620/5753] sh600641: committed
[3625/5753] sh600646: no data
[3626/5753] sh600647: no data
[3630/5753] sh600651: committed
[3631/5753] sh600652: no data
[3635/5753] sh600656: no data
[3638/5753] sh600659: no data
[3640/5753] sh600661: committed
[3648/5753] sh600669: no data
[3649/5753] sh600670: no data
[3650/5753] sh600671: committed
[3651/5753] sh600672: no data
[3656/5753] sh600677: no data
[3659/5753] sh600680: no data
[3660/5753] sh600681: committed
[3666/5753] sh600687: no data
[3667/5753] sh600688: no data
[3668/5753] sh600689: no data
[3669/5753] sh600690: no data
[3670/5753] sh600691: no data
[3671/5753] sh600692: no data
[3672/5753] sh600693: no data
[3673/5753] sh600694: no data
[3674/5753] sh600695: no data
[3679/5753] sh600700: no data
[3680/5753] sh600701: no data
[3684/5753] sh600705: no data
[3688/5753] sh600709: no data
[3690/5753] sh600711: committed
[3700/5753] sh600721: committed
[3702/5753] sh600723: no data
[3710/5753] sh600731: committed
[3719/5753] sh600740: no data
[3720/5753] sh600741: committed
[3726/5753] sh600747: no data
[3727/5753] sh600748: no data
[3728/5753] sh600749: no data
[3729/5753] sh600750: no data
[3730/5753] sh600751: no data
[3731/5753] sh600752: no data
[3732/5753] sh600753: no data
[3733/5753] sh600754: no data
[3735/5753] sh600756: no data
[3740/5753] sh600761: committed
[3741/5753] sh600762: no data
[3745/5753] sh600766: no data
[3746/5753] sh600767: no data
[3750/5753] sh600771: committed
[3751/5753] sh600772: no data
[3760/5753] sh600781: no data
[3765/5753] sh600786: no data
[3767/5753] sh600788: no data
[3770/5753] sh600791: committed
[3778/5753] sh600799: no data
[3780/5753] sh600801: committed
[3783/5753] sh600804: no data
[3785/5753] sh600806: no data
[3790/5753] sh600811: no data
[3792/5753] sh600813: no data
[3800/5753] sh600821: committed
[3802/5753] sh600823: no data
[3805/5753] sh600826: no data
[3810/5753] sh600831: committed
[3811/5753] sh600832: no data
[3815/5753] sh600836: no data
[3816/5753] sh600837: no data
[3819/5753] sh600840: no data
[3820/5753] sh600841: committed
[3821/5753] sh600842: no data
[3824/5753] sh600845: no data
[3825/5753] sh600846: no data
[3826/5753] sh600847: no data
[3827/5753] sh600848: no data
[3828/5753] sh600849: no data
[3829/5753] sh600850: no data
[3830/5753] sh600851: no data
[3831/5753] sh600852: no data
[3832/5753] sh600853: no data
[3835/5753] sh600856: no data
[3840/5753] sh600861: committed
[3849/5753] sh600870: no data
[3850/5753] sh600871: committed
[3857/5753] sh600878: no data
[3860/5753] sh600881: committed
[3869/5753] sh600890: no data
[3870/5753] sh600891: no data
[3875/5753] sh600896: no data
[3877/5753] sh600898: no data
[3878/5753] sh600899: no data
[3880/5753] sh600901: committed
[3890/5753] sh600925: committed
[3897/5753] sh600935: no data
[3898/5753] sh600936: no data
[3900/5753] sh600939: committed
[3907/5753] sh600961: no data
[3908/5753] sh600962: no data
[3909/5753] sh600963: no data
[3910/5753] sh600965: committed
[3920/5753] sh600977: committed
[3921/5753] sh600978: no data
[3930/5753] sh600987: committed
[3934/5753] sh600991: no data
[3938/5753] sh600996: no data
[3940/5753] sh600998: no data
[3950/5753] sh601009: committed
[3959/5753] sh601021: no data
[3960/5753] sh601022: no data
[3961/5753] sh601026: no data
[3962/5753] sh601028: no data
[3963/5753] sh601033: no data
[3964/5753] sh601038: no data
[3965/5753] sh601058: no data
[3970/5753] sh601068: committed
[3980/5753] sh601100: committed
[3990/5753] sh601121: committed
[4000/5753] sh601156: committed
[4010/5753] sh601187: committed
[4020/5753] sh601222: committed
[4029/5753] sh601258: no data
[4030/5753] sh601268: no data
[4034/5753] sh601299: no data
[4040/5753] sh601330: committed
[4050/5753] sh601388: committed
[4060/5753] sh601528: committed
[4062/5753] sh601558: no data
[4070/5753] sh601598: committed
[4080/5753] sh601616: committed
[4082/5753] sh601619: no data
[4083/5753] sh601628: no data
[4084/5753] sh601633: no data
[4085/5753] sh601636: no data
[4086/5753] sh601658: no data
[4087/5753] sh601665: no data
[4088/5753] sh601666: no data
[4089/5753] sh601668: no data
[4090/5753] sh601669: committed
[4100/5753] sh601702: committed
[4110/5753] sh601798: committed
[4120/5753] sh601828: committed
[4130/5753] sh601877: committed
[4140/5753] sh601900: committed
[4150/5753] sh601939: committed
[4160/5753] sh601975: committed
[4163/5753] sh601989: no data
[4170/5753] sh601998: committed
[4175/5753] sh603003: no data
[4180/5753] sh603008: committed
[4182/5753] sh603010: no data
[4183/5753] sh603011: no data
[4184/5753] sh603012: no data
[4185/5753] sh603013: no data
[4186/5753] sh603014: no data
[4187/5753] sh603015: no data
[4188/5753] sh603016: no data
[4190/5753] sh603018: committed
[4200/5753] sh603029: committed
[4210/5753] sh603040: committed
[4220/5753] sh603053: committed
[4230/5753] sh603065: committed
[4240/5753] sh603076: committed
[4242/5753] sh603078: no data
[4243/5753] sh603079: no data
[4244/5753] sh603080: no data
[4245/5753] sh603081: no data
[4247/5753] sh603083: no data
[4248/5753] sh603085: no data
[4249/5753] sh603086: no data
[4250/5753] sh603087: committed
[4260/5753] sh603099: committed
[4270/5753] sh603110: committed
[4280/5753] sh603121: committed
[4290/5753] sh603131: committed
[4292/5753] sh603133: no data
[4300/5753] sh603153: committed
[4303/5753] sh603157: no data
[4310/5753] sh603165: committed
[4320/5753] sh603177: committed
[4330/5753] sh603188: committed
[4340/5753] sh603198: committed
[4342/5753] sh603200: no data
[4350/5753] sh603209: committed
[4360/5753] sh603219: committed
[4370/5753] sh603230: committed
[4374/5753] sh603235: no data
[4375/5753] sh603236: no data
[4376/5753] sh603237: no data
[4377/5753] sh603238: no data
[4378/5753] sh603239: no data
[4379/5753] sh603255: no data
[4380/5753] sh603256: no data
[4390/5753] sh603269: committed
[4400/5753] sh603280: committed
[4410/5753] sh603296: committed
[4420/5753] sh603308: committed
[4430/5753] sh603319: committed
[4440/5753] sh603329: committed
[4450/5753] sh603341: committed
[4460/5753] sh603358: committed
[4470/5753] sh603373: committed
[4472/5753] sh603377: no data
[4473/5753] sh603378: no data
[4474/5753] sh603379: no data
[4475/5753] sh603380: no data
[4476/5753] sh603381: no data
[4477/5753] sh603382: no data
[4478/5753] sh603383: no data
[4479/5753] sh603385: no data
[4480/5753] sh603386: no data
[4490/5753] sh603398: committed
[4497/5753] sh603418: no data
[4500/5753] sh603439: committed
[4501/5753] sh603444: no data
[4510/5753] sh603499: committed
[4520/5753] sh603517: committed
[4530/5753] sh603536: committed
[4533/5753] sh603555: no data
[4540/5753] sh603567: committed
[4550/5753] sh603587: committed
[4555/5753] sh603596: no data
[4556/5753] sh603598: no data
[4557/5753] sh603599: no data
[4558/5753] sh603600: no data
[4559/5753] sh603601: no data
[4560/5753] sh603602: no data
[4561/5753] sh603603: no data
[4562/5753] sh603605: no data
[4564/5753] sh603607: no data
[4570/5753] sh603613: committed
[4580/5753] sh603633: committed
[4590/5753] sh603658: committed
[4592/5753] sh603660: no data
[4600/5753] sh603669: committed
[4610/5753] sh603686: no data
[4611/5753] sh603687: no data
[4612/5753] sh603688: no data
[4613/5753] sh603689: no data
[4614/5753] sh603690: no data
[4615/5753] sh603693: no data
[4616/5753] sh603696: no data
[4617/5753] sh603697: no data
[4620/5753] sh603700: committed
[4630/5753] sh603716: committed
[4636/5753] sh603725: no data
[4640/5753] sh603729: committed
[4650/5753] sh603766: committed
[4660/5753] sh603788: committed
[4668/5753] sh603803: no data
[4669/5753] sh603806: no data
[4670/5753] sh603808: no data
[4671/5753] sh603809: no data
[4672/5753] sh603810: no data
[4674/5753] sh603813: no data
[4675/5753] sh603815: no data
[4680/5753] sh603822: committed
[4690/5753] sh603843: committed
[4700/5753] sh603867: committed
[4710/5753] sh603882: committed
[4718/5753] sh603893: no data
[4719/5753] sh603895: no data
[4720/5753] sh603896: committed
[4721/5753] sh603897: no data
[4722/5753] sh603898: no data
[4723/5753] sh603899: no data
[4724/5753] sh603900: no data
[4725/5753] sh603901: no data
[4726/5753] sh603903: no data
[4727/5753] sh603906: no data
[4728/5753] sh603908: no data
[4729/5753] sh603909: no data
[4730/5753] sh603912: no data
[4731/5753] sh603915: no data
[4732/5753] sh603916: no data
[4733/5753] sh603917: no data
[4734/5753] sh603918: no data
[4735/5753] sh603919: no data
[4736/5753] sh603920: no data
[4737/5753] sh603922: no data
[4738/5753] sh603926: no data
[4739/5753] sh603927: no data
[4740/5753] sh603928: no data
[4741/5753] sh603929: no data
[4743/5753] sh603933: no data
[4744/5753] sh603936: no data
[4745/5753] sh603937: no data
[4746/5753] sh603938: no data
[4747/5753] sh603939: no data
[4748/5753] sh603948: no data
[4749/5753] sh603949: no data
[4750/5753] sh603950: no data
[4751/5753] sh603955: no data
[4752/5753] sh603956: no data
[4753/5753] sh603958: no data
[4754/5753] sh603959: no data
[4755/5753] sh603960: no data
[4756/5753] sh603963: no data
[4757/5753] sh603966: no data
[4758/5753] sh603967: no data
[4759/5753] sh603968: no data
[4760/5753] sh603969: no data
[4761/5753] sh603970: no data
[4763/5753] sh603977: no data
[4764/5753] sh603978: no data
[4765/5753] sh603979: no data
[4766/5753] sh603980: no data
[4767/5753] sh603982: no data
[4768/5753] sh603983: no data
[4770/5753] sh603986: no data
[4771/5753] sh603987: no data
[4772/5753] sh603988: no data
[4773/5753] sh603989: no data
[4775/5753] sh603991: no data
[4776/5753] sh603992: no data
[4777/5753] sh603993: no data
[4779/5753] sh603996: no data
[4780/5753] sh603997: no data
[4781/5753] sh603998: no data
[4782/5753] sh603999: no data
[4783/5753] sh605001: no data
[4784/5753] sh605003: no data
[4785/5753] sh605005: no data
[4786/5753] sh605006: no data
[4787/5753] sh605007: no data
[4788/5753] sh605008: no data
[4789/5753] sh605009: no data
[4790/5753] sh605011: committed
[4791/5753] sh605016: no data
[4800/5753] sh605060: committed
[4810/5753] sh605090: committed
[4820/5753] sh605123: committed
[4826/5753] sh605155: no data
[4827/5753] sh605158: no data
[4828/5753] sh605162: no data
[4829/5753] sh605166: no data
[4830/5753] sh605167: no data
[4831/5753] sh605168: no data
[4832/5753] sh605169: no data
[4840/5753] sh605189: committed
[4850/5753] sh605259: committed
[4860/5753] sh605299: committed
[4870/5753] sh605339: committed
[4880/5753] sh605389: committed
[4881/5753] sh605398: no data
[4882/5753] sh605399: no data
[4883/5753] sh605488: no data
[4884/5753] sh605499: no data
[4885/5753] sh605500: no data
[4886/5753] sh605507: no data
[4887/5753] sh605555: no data
[4888/5753] sh605566: no data
[4890/5753] sh605577: committed
[4900/5753] sh688005: committed
[4910/5753] sh688016: committed
[4920/5753] sh688027: committed
[4930/5753] sh688038: committed
[4938/5753] sh688050: no data
[4939/5753] sh688051: no data
[4940/5753] sh688052: no data
[4941/5753] sh688053: no data
[4942/5753] sh688055: no data
[4943/5753] sh688056: no data
[4944/5753] sh688057: no data
[4945/5753] sh688058: no data
[4950/5753] sh688063: committed
[4960/5753] sh688075: committed
[4970/5753] sh688085: committed
[4971/5753] sh688086: no data
[4980/5753] sh688096: committed
[4990/5753] sh688107: committed
[5000/5753] sh688117: committed
[5010/5753] sh688128: committed
[5016/5753] sh688135: no data
[5017/5753] sh688136: no data
[5018/5753] sh688137: no data
[5019/5753] sh688138: no data
[5020/5753] sh688139: no data
[5021/5753] sh688141: no data
[5022/5753] sh688143: no data
[5023/5753] sh688146: no data
[5030/5753] sh688155: committed
[5040/5753] sh688166: committed
[5050/5753] sh688177: committed
[5060/5753] sh688187: committed
[5068/5753] sh688196: no data
[5069/5753] sh688197: no data
[5070/5753] sh688198: no data
[5071/5753] sh688199: no data
[5073/5753] sh688201: no data
[5074/5753] sh688202: no data
[5075/5753] sh688203: no data
[5077/5753] sh688206: no data
[5080/5753] sh688209: committed
[5090/5753] sh688220: committed
[5100/5753] sh688231: committed
[5110/5753] sh688246: committed
[5120/5753] sh688258: committed
[5130/5753] sh688270: committed
[5140/5753] sh688281: committed
[5145/5753] sh688287: no data
[5146/5753] sh688288: no data
[5147/5753] sh688289: no data
[5148/5753] sh688290: no data
[5150/5753] sh688292: no data
[5151/5753] sh688293: no data
[5152/5753] sh688295: no data
[5160/5753] sh688303: committed
[5170/5753] sh688314: committed
[5180/5753] sh688325: committed
[5190/5753] sh688335: committed
[5200/5753] sh688350: committed
[5210/5753] sh688361: committed
[5211/5753] sh688362: no data
[5212/5753] sh688363: no data
[5213/5753] sh688365: no data
[5215/5753] sh688367: no data
[5216/5753] sh688368: no data
[5217/5753] sh688369: no data
[5218/5753] sh688370: no data
[5219/5753] sh688371: no data
[5220/5753] sh688372: no data
[5230/5753] sh688383: committed
[5240/5753] sh688395: committed
[5250/5753] sh688411: committed
[5260/5753] sh688433: committed
[5270/5753] sh688459: committed
[5280/5753] sh688485: committed
[5290/5753] sh688503: committed
[5293/5753] sh688507: no data
[5294/5753] sh688508: no data
[5295/5753] sh688509: no data
[5296/5753] sh688510: no data
[5297/5753] sh688511: no data
[5298/5753] sh688512: no data
[5299/5753] sh688513: no data
[5300/5753] sh688515: no data
[5310/5753] sh688526: committed
[5320/5753] sh688543: committed
[5328/5753] sh688555: no data
[5330/5753] sh688557: committed
[5340/5753] sh688568: committed
[5350/5753] sh688580: committed
[5360/5753] sh688591: committed
[5370/5753] sh688602: committed
[5380/5753] sh688613: committed
[5388/5753] sh688622: no data
[5389/5753] sh688623: no data
[5390/5753] sh688625: no data
[5391/5753] sh688626: no data
[5392/5753] sh688627: no data
[5393/5753] sh688628: no data
[5394/5753] sh688629: no data
[5400/5753] sh688639: committed
[5410/5753] sh688659: committed
[5420/5753] sh688671: committed
[5430/5753] sh688686: committed
[5434/5753] sh688691: no data
[5437/5753] sh688695: no data
[5438/5753] sh688696: no data
[5439/5753] sh688697: no data
[5440/5753] sh688698: no data
[5441/5753] sh688699: no data
[5442/5753] sh688700: no data
[5443/5753] sh688701: no data
[5444/5753] sh688702: no data
[5445/5753] sh688707: no data
[5450/5753] sh688716: committed
[5460/5753] sh688733: committed
[5470/5753] sh688772: committed
[5480/5753] sh688793: committed
[5490/5753] bj830832: committed
[5500/5753] bj831152: committed
[5510/5753] bj831627: committed
[5520/5753] bj831961: committed
[5521/5753] bj832000: no data
[5522/5753] bj832023: no data
[5523/5753] bj832089: no data
[5524/5753] bj832110: no data
[5525/5753] bj832145: no data
[5526/5753] bj832149: no data
[5527/5753] bj832171: no data
[5528/5753] bj832175: no data
[5530/5753] bj832278: committed
[5531/5753] bj832317: no data
[5540/5753] bj832735: committed
[5550/5753] bj833230: committed
[5558/5753] bj833455: no data
[5559/5753] bj833509: no data
[5560/5753] bj833523: no data
[5561/5753] bj833533: no data
[5562/5753] bj833575: no data
[5563/5753] bj833580: no data
[5564/5753] bj833751: no data
[5565/5753] bj833781: no data
[5567/5753] bj833874: no data
[5570/5753] bj833994: no data
[5580/5753] bj834599: committed
[5590/5753] bj835237: committed
[5600/5753] bj835985: committed
[5610/5753] bj836395: committed
[5620/5753] bj836720: committed
[5625/5753] bj836942: no data
[5626/5753] bj836957: no data
[5627/5753] bj836961: no data
[5629/5753] bj837023: no data
[5630/5753] bj837046: no data
[5633/5753] bj837212: no data
[5634/5753] bj837242: no data
[5635/5753] bj837344: no data
[5640/5753] bj837821: committed
[5650/5753] bj838810: committed
[5660/5753] bj839729: committed
[5670/5753] bj870656: committed
[5680/5753] bj871642: committed
[5681/5753] bj871694: no data
[5685/5753] bj871981: no data
[5686/5753] bj872190: no data
[5687/5753] bj872351: no data
[5688/5753] bj872374: no data
[5689/5753] bj872392: no data
[5690/5753] bj872541: no data
[5691/5753] bj872808: no data
[5692/5753] bj872895: no data
[5693/5753] bj872925: no data
[5694/5753] bj872931: no data
[5695/5753] bj872953: no data
[5696/5753] bj873001: no data
[5697/5753] bj873122: no data
[5699/5753] bj873152: no data
[5700/5753] bj873167: no data
[5701/5753] bj873169: no data
[5702/5753] bj873223: no data
[5703/5753] bj873305: no data
[5704/5753] bj873339: no data
[5705/5753] bj873527: no data
[5710/5753] bj873679: no data
[5711/5753] bj873690: no data
[5712/5753] bj873693: no data
[5713/5753] bj873703: no data
[5714/5753] bj873706: no data
[5715/5753] bj873726: no data
[5716/5753] bj873806: no data
[5717/5753] bj873833: no data
[5718/5753] bj920002: no data
[5719/5753] bj920005: no data
[5720/5753] bj920007: no data
[5721/5753] bj920008: no data
[5722/5753] bj920015: no data
[5723/5753] bj920016: no data
[5724/5753] bj920018: no data
[5725/5753] bj920019: no data
[5726/5753] bj920022: no data
[5727/5753] bj920027: no data
[5728/5753] bj920029: no data
[5729/5753] bj920037: no data
[5730/5753] bj920056: no data
[5731/5753] bj920060: no data
[5732/5753] bj920066: no data
[5734/5753] bj920080: no data
[5738/5753] bj920099: no data
[5740/5753] bj920101: committed
[5749/5753] bj920445: no data
[5750/5753] bj920489: committed
[5751/5753] bj920682: no data
[5752/5753] bj920799: no data
[5753/5753] bj920819: no data
{"start": "2025-09-01", "end": "2025-09-18", "codes": 5753, "rows": 59992, "run_at": "2025-09-19T14:39:35"}
