{"level":"error","time":"2023-12-13T16:13:53.688+0800","caller":"C:/xxj/gopath/pkg/mod/github.com/xxjwxc/ginrpc@v0.0.0-20230310093254-f637665659ca/common.go:395","msg":"not find any exp.(*ast.ArrayType) [shares/internal/service/shares]","service":"service"}
{"level":"info","time":"2023-12-13T16:13:53.910+0800","caller":"C:/xxj/gopath/pkg/mod/github.com/xxjwxc/public@v0.0.0-20231208111107-4261fd704a92/mydoc/mydoc.go:85","msg":"output swagger doc: F:/xxj/work/workspace/github/xxjwxc/shares/shares/docs/swagger/swagger.json","service":"service"}
{"level":"info","time":"2023-12-13T16:13:53.914+0800","caller":"C:/xxj/gopath/pkg/mod/github.com/xxjwxc/public@v0.0.0-20231208111107-4261fd704a92/mydoc/mydoc.go:121","msg":"output markdown doc: F:/xxj/work/workspace/github/xxjwxc/shares/shares/docs/markdown/Analy.md","service":"service"}
{"level":"info","time":"2023-12-13T16:13:54.020+0800","caller":"C:/xxj/gopath/pkg/mod/github.com/xxjwxc/public@v0.0.0-20231208111107-4261fd704a92/mydoc/mydoc.go:121","msg":"output markdown doc: F:/xxj/work/workspace/github/xxjwxc/shares/shares/docs/markdown/Shares.md","service":"service"}
{"level":"info","time":"2023-12-13T16:13:54.044+0800","caller":"C:/xxj/gopath/pkg/mod/github.com/xxjwxc/public@v0.0.0-20231208111107-4261fd704a92/mydoc/mydoc.go:121","msg":"output markdown doc: F:/xxj/work/workspace/github/xxjwxc/shares/shares/docs/markdown/Weixin.md","service":"service"}
{"level":"info","time":"2025-09-02T12:13:13.476+0800","caller":"/Users/triplewings/go/pkg/mod/github.com/xxjwxc/public@v0.0.0-20231208111107-4261fd704a92/timerDeal/timetask.go:63","msg":"next pe day on:2025-09-02 10:10:00","service":"service"}
{"level":"info","time":"2025-09-02T12:13:13.476+0800","caller":"/Users/triplewings/go/pkg/mod/github.com/xxjwxc/public@v0.0.0-20231208111107-4261fd704a92/timerDeal/timetask.go:63","msg":"next pe day on:2025-09-02 14:30:00","service":"service"}
{"level":"info","time":"2025-09-02T12:13:13.476+0800","caller":"/Users/triplewings/go/pkg/mod/github.com/xxjwxc/public@v0.0.0-20231208111107-4261fd704a92/timerDeal/timetask.go:63","msg":"next pe day on:2025-09-02 20:00:00","service":"service"}
{"level":"info","time":"2025-09-02T12:13:13.476+0800","caller":"/Users/triplewings/go/pkg/mod/github.com/xxjwxc/public@v0.0.0-20231208111107-4261fd704a92/timerDeal/timetask.go:63","msg":"next pe day on:2025-09-02 08:00:00","service":"service"}
{"level":"info","time":"2025-09-02T12:13:13.477+0800","caller":"/Users/triplewings/go/pkg/mod/github.com/xxjwxc/public@v0.0.0-20231208111107-4261fd704a92/timerDeal/timetask.go:63","msg":"next pe day on:2025-09-03 08:00:00","service":"service"}
{"level":"info","time":"2025-09-02T12:13:13.476+0800","caller":"/Users/triplewings/go/pkg/mod/github.com/xxjwxc/public@v0.0.0-20231208111107-4261fd704a92/timerDeal/timetask.go:63","msg":"next pe day on:2025-09-02 09:10:00","service":"service"}
{"level":"info","time":"2025-09-02T12:13:13.476+0800","caller":"/Users/triplewings/go/pkg/mod/github.com/xxjwxc/public@v0.0.0-20231208111107-4261fd704a92/timerDeal/timetask.go:63","msg":"next pe day on:2025-09-02 10:00:00","service":"service"}
{"level":"info","time":"2025-09-02T12:13:13.476+0800","caller":"/Users/triplewings/go/pkg/mod/github.com/xxjwxc/public@v0.0.0-20231208111107-4261fd704a92/timerDeal/timetask.go:63","msg":"next pe day on:2025-09-02 09:30:00","service":"service"}
{"level":"info","time":"2025-09-02T12:13:13.477+0800","caller":"/Users/triplewings/go/pkg/mod/github.com/xxjwxc/public@v0.0.0-20231208111107-4261fd704a92/timerDeal/timetask.go:63","msg":"next pe day on:2025-09-03 09:10:00","service":"service"}
{"level":"info","time":"2025-09-02T12:13:13.477+0800","caller":"/Users/triplewings/go/pkg/mod/github.com/xxjwxc/public@v0.0.0-20231208111107-4261fd704a92/timerDeal/timetask.go:63","msg":"next pe day on:2025-09-03 09:30:00","service":"service"}
{"level":"info","time":"2025-09-02T12:13:13.476+0800","caller":"/Users/triplewings/go/pkg/mod/github.com/xxjwxc/public@v0.0.0-20231208111107-4261fd704a92/timerDeal/timetask.go:63","msg":"next pe day on:2025-09-02 08:00:00","service":"service"}
{"level":"info","time":"2025-09-02T12:13:13.477+0800","caller":"/Users/triplewings/go/pkg/mod/github.com/xxjwxc/public@v0.0.0-20231208111107-4261fd704a92/timerDeal/timetask.go:63","msg":"next pe day on:2025-09-03 08:00:00","service":"service"}
{"level":"info","time":"2025-09-02T12:13:13.476+0800","caller":"/Users/triplewings/go/pkg/mod/github.com/xxjwxc/public@v0.0.0-20231208111107-4261fd704a92/timerDeal/timetask.go:63","msg":"next pe day on:2025-09-02 16:00:00","service":"service"}
{"level":"info","time":"2025-09-02T12:13:13.477+0800","caller":"/Users/triplewings/go/pkg/mod/github.com/xxjwxc/public@v0.0.0-20231208111107-4261fd704a92/timerDeal/timetask.go:63","msg":"next pe day on:2025-09-03 10:10:00","service":"service"}
{"level":"info","time":"2025-09-02T12:13:13.477+0800","caller":"/Users/triplewings/go/pkg/mod/github.com/xxjwxc/public@v0.0.0-20231208111107-4261fd704a92/timerDeal/timetask.go:63","msg":"next pe day on:2025-09-03 10:00:00","service":"service"}
{"level":"error","time":"2025-09-02T12:13:13.516+0800","caller":"/Users/triplewings/go/pkg/mod/github.com/xxjwxc/ginrpc@v0.0.0-20230310093254-f637665659ca/common.go:395","msg":"not find any exp.(*ast.ArrayType) [shares/internal/service/shares]","service":"service"}
{"level":"info","time":"2025-09-02T12:13:13.579+0800","caller":"/Users/triplewings/go/pkg/mod/github.com/xxjwxc/public@v0.0.0-20231208111107-4261fd704a92/mydoc/mydoc.go:85","msg":"output swagger doc: /Users/triplewings/gupiao/gupiao_all_in_one/shares/shares/docs/swagger/swagger.json","service":"service"}
{"level":"info","time":"2025-09-02T12:13:13.580+0800","caller":"/Users/triplewings/go/pkg/mod/github.com/xxjwxc/public@v0.0.0-20231208111107-4261fd704a92/mydoc/mydoc.go:121","msg":"output markdown doc: /Users/triplewings/gupiao/gupiao_all_in_one/shares/shares/docs/markdown/Analy.md","service":"service"}
{"level":"info","time":"2025-09-02T12:13:13.582+0800","caller":"/Users/triplewings/go/pkg/mod/github.com/xxjwxc/public@v0.0.0-20231208111107-4261fd704a92/mydoc/mydoc.go:121","msg":"output markdown doc: /Users/triplewings/gupiao/gupiao_all_in_one/shares/shares/docs/markdown/Shares.md","service":"service"}
{"level":"info","time":"2025-09-02T12:13:13.582+0800","caller":"/Users/triplewings/go/pkg/mod/github.com/xxjwxc/public@v0.0.0-20231208111107-4261fd704a92/mydoc/mydoc.go:121","msg":"output markdown doc: /Users/triplewings/gupiao/gupiao_all_in_one/shares/shares/docs/markdown/Weixin.md","service":"service"}
{"level":"info","time":"2025-09-02T12:13:13.598+0800","caller":"/Users/triplewings/gupiao/gupiao_all_in_one/shares/shares/main.go:58","msg":"HTTP listening on :8082","service":"service"}
{"level":"info","time":"2025-09-02T12:13:59.843+0800","caller":"/Users/triplewings/go/pkg/mod/github.com/xxjwxc/public@v0.0.0-20231208111107-4261fd704a92/timerDeal/timetask.go:63","msg":"next pe day on:2025-09-02 08:00:00","service":"service"}
{"level":"info","time":"2025-09-02T12:13:59.843+0800","caller":"/Users/triplewings/go/pkg/mod/github.com/xxjwxc/public@v0.0.0-20231208111107-4261fd704a92/timerDeal/timetask.go:63","msg":"next pe day on:2025-09-02 08:00:00","service":"service"}
{"level":"info","time":"2025-09-02T12:13:59.844+0800","caller":"/Users/triplewings/go/pkg/mod/github.com/xxjwxc/public@v0.0.0-20231208111107-4261fd704a92/timerDeal/timetask.go:63","msg":"next pe day on:2025-09-03 08:00:00","service":"service"}
{"level":"info","time":"2025-09-02T12:13:59.843+0800","caller":"/Users/triplewings/go/pkg/mod/github.com/xxjwxc/public@v0.0.0-20231208111107-4261fd704a92/timerDeal/timetask.go:63","msg":"next pe day on:2025-09-02 16:00:00","service":"service"}
{"level":"info","time":"2025-09-02T12:13:59.843+0800","caller":"/Users/triplewings/go/pkg/mod/github.com/xxjwxc/public@v0.0.0-20231208111107-4261fd704a92/timerDeal/timetask.go:63","msg":"next pe day on:2025-09-02 14:30:00","service":"service"}
{"level":"info","time":"2025-09-02T12:13:59.843+0800","caller":"/Users/triplewings/go/pkg/mod/github.com/xxjwxc/public@v0.0.0-20231208111107-4261fd704a92/timerDeal/timetask.go:63","msg":"next pe day on:2025-09-02 10:10:00","service":"service"}
{"level":"info","time":"2025-09-02T12:13:59.844+0800","caller":"/Users/triplewings/go/pkg/mod/github.com/xxjwxc/public@v0.0.0-20231208111107-4261fd704a92/timerDeal/timetask.go:63","msg":"next pe day on:2025-09-03 10:10:00","service":"service"}
{"level":"info","time":"2025-09-02T12:13:59.843+0800","caller":"/Users/triplewings/go/pkg/mod/github.com/xxjwxc/public@v0.0.0-20231208111107-4261fd704a92/timerDeal/timetask.go:63","msg":"next pe day on:2025-09-02 09:30:00","service":"service"}
{"level":"info","time":"2025-09-02T12:13:59.843+0800","caller":"/Users/triplewings/go/pkg/mod/github.com/xxjwxc/public@v0.0.0-20231208111107-4261fd704a92/timerDeal/timetask.go:63","msg":"next pe day on:2025-09-02 09:10:00","service":"service"}
{"level":"info","time":"2025-09-02T12:13:59.843+0800","caller":"/Users/triplewings/go/pkg/mod/github.com/xxjwxc/public@v0.0.0-20231208111107-4261fd704a92/timerDeal/timetask.go:63","msg":"next pe day on:2025-09-02 10:00:00","service":"service"}
{"level":"info","time":"2025-09-02T12:13:59.843+0800","caller":"/Users/triplewings/go/pkg/mod/github.com/xxjwxc/public@v0.0.0-20231208111107-4261fd704a92/timerDeal/timetask.go:63","msg":"next pe day on:2025-09-02 20:00:00","service":"service"}
{"level":"info","time":"2025-09-02T12:13:59.844+0800","caller":"/Users/triplewings/go/pkg/mod/github.com/xxjwxc/public@v0.0.0-20231208111107-4261fd704a92/timerDeal/timetask.go:63","msg":"next pe day on:2025-09-03 09:10:00","service":"service"}
{"level":"info","time":"2025-09-02T12:13:59.844+0800","caller":"/Users/triplewings/go/pkg/mod/github.com/xxjwxc/public@v0.0.0-20231208111107-4261fd704a92/timerDeal/timetask.go:63","msg":"next pe day on:2025-09-03 08:00:00","service":"service"}
{"level":"info","time":"2025-09-02T12:13:59.844+0800","caller":"/Users/triplewings/go/pkg/mod/github.com/xxjwxc/public@v0.0.0-20231208111107-4261fd704a92/timerDeal/timetask.go:63","msg":"next pe day on:2025-09-03 09:30:00","service":"service"}
{"level":"info","time":"2025-09-02T12:13:59.844+0800","caller":"/Users/triplewings/go/pkg/mod/github.com/xxjwxc/public@v0.0.0-20231208111107-4261fd704a92/timerDeal/timetask.go:63","msg":"next pe day on:2025-09-03 10:00:00","service":"service"}
{"level":"error","time":"2025-09-02T12:13:59.883+0800","caller":"/Users/triplewings/go/pkg/mod/github.com/xxjwxc/ginrpc@v0.0.0-20230310093254-f637665659ca/common.go:395","msg":"not find any exp.(*ast.ArrayType) [shares/internal/service/shares]","service":"service"}
{"level":"info","time":"2025-09-02T12:13:59.947+0800","caller":"/Users/triplewings/go/pkg/mod/github.com/xxjwxc/public@v0.0.0-20231208111107-4261fd704a92/mydoc/mydoc.go:85","msg":"output swagger doc: /Users/triplewings/gupiao/gupiao_all_in_one/shares/shares/docs/swagger/swagger.json","service":"service"}
{"level":"info","time":"2025-09-02T12:13:59.948+0800","caller":"/Users/triplewings/go/pkg/mod/github.com/xxjwxc/public@v0.0.0-20231208111107-4261fd704a92/mydoc/mydoc.go:121","msg":"output markdown doc: /Users/triplewings/gupiao/gupiao_all_in_one/shares/shares/docs/markdown/Analy.md","service":"service"}
{"level":"info","time":"2025-09-02T12:13:59.950+0800","caller":"/Users/triplewings/go/pkg/mod/github.com/xxjwxc/public@v0.0.0-20231208111107-4261fd704a92/mydoc/mydoc.go:121","msg":"output markdown doc: /Users/triplewings/gupiao/gupiao_all_in_one/shares/shares/docs/markdown/Shares.md","service":"service"}
{"level":"info","time":"2025-09-02T12:13:59.951+0800","caller":"/Users/triplewings/go/pkg/mod/github.com/xxjwxc/public@v0.0.0-20231208111107-4261fd704a92/mydoc/mydoc.go:121","msg":"output markdown doc: /Users/triplewings/gupiao/gupiao_all_in_one/shares/shares/docs/markdown/Weixin.md","service":"service"}
{"level":"info","time":"2025-09-02T12:13:59.963+0800","caller":"/Users/triplewings/gupiao/gupiao_all_in_one/shares/shares/main.go:58","msg":"HTTP listening on :8082","service":"service"}
{"level":"info","time":"2025-09-02T12:17:33.312+0800","caller":"/Users/triplewings/go/pkg/mod/github.com/xxjwxc/public@v0.0.0-20231208111107-4261fd704a92/timerDeal/timetask.go:63","msg":"next pe day on:2025-09-02 09:30:00","service":"service"}
{"level":"info","time":"2025-09-02T12:17:33.312+0800","caller":"/Users/triplewings/go/pkg/mod/github.com/xxjwxc/public@v0.0.0-20231208111107-4261fd704a92/timerDeal/timetask.go:63","msg":"next pe day on:2025-09-02 10:10:00","service":"service"}
{"level":"info","time":"2025-09-02T12:17:33.312+0800","caller":"/Users/triplewings/go/pkg/mod/github.com/xxjwxc/public@v0.0.0-20231208111107-4261fd704a92/timerDeal/timetask.go:63","msg":"next pe day on:2025-09-02 14:30:00","service":"service"}
{"level":"info","time":"2025-09-02T12:17:33.312+0800","caller":"/Users/triplewings/go/pkg/mod/github.com/xxjwxc/public@v0.0.0-20231208111107-4261fd704a92/timerDeal/timetask.go:63","msg":"next pe day on:2025-09-02 08:00:00","service":"service"}
{"level":"info","time":"2025-09-02T12:17:33.312+0800","caller":"/Users/triplewings/go/pkg/mod/github.com/xxjwxc/public@v0.0.0-20231208111107-4261fd704a92/timerDeal/timetask.go:63","msg":"next pe day on:2025-09-02 09:10:00","service":"service"}
{"level":"info","time":"2025-09-02T12:17:33.312+0800","caller":"/Users/triplewings/go/pkg/mod/github.com/xxjwxc/public@v0.0.0-20231208111107-4261fd704a92/timerDeal/timetask.go:63","msg":"next pe day on:2025-09-03 09:10:00","service":"service"}
{"level":"info","time":"2025-09-02T12:17:33.312+0800","caller":"/Users/triplewings/go/pkg/mod/github.com/xxjwxc/public@v0.0.0-20231208111107-4261fd704a92/timerDeal/timetask.go:63","msg":"next pe day on:2025-09-02 08:00:00","service":"service"}
{"level":"info","time":"2025-09-02T12:17:33.312+0800","caller":"/Users/triplewings/go/pkg/mod/github.com/xxjwxc/public@v0.0.0-20231208111107-4261fd704a92/timerDeal/timetask.go:63","msg":"next pe day on:2025-09-03 08:00:00","service":"service"}
{"level":"info","time":"2025-09-02T12:17:33.312+0800","caller":"/Users/triplewings/go/pkg/mod/github.com/xxjwxc/public@v0.0.0-20231208111107-4261fd704a92/timerDeal/timetask.go:63","msg":"next pe day on:2025-09-02 20:00:00","service":"service"}
{"level":"info","time":"2025-09-02T12:17:33.312+0800","caller":"/Users/triplewings/go/pkg/mod/github.com/xxjwxc/public@v0.0.0-20231208111107-4261fd704a92/timerDeal/timetask.go:63","msg":"next pe day on:2025-09-02 10:00:00","service":"service"}
{"level":"info","time":"2025-09-02T12:17:33.312+0800","caller":"/Users/triplewings/go/pkg/mod/github.com/xxjwxc/public@v0.0.0-20231208111107-4261fd704a92/timerDeal/timetask.go:63","msg":"next pe day on:2025-09-03 10:00:00","service":"service"}
{"level":"info","time":"2025-09-02T12:17:33.312+0800","caller":"/Users/triplewings/go/pkg/mod/github.com/xxjwxc/public@v0.0.0-20231208111107-4261fd704a92/timerDeal/timetask.go:63","msg":"next pe day on:2025-09-02 16:00:00","service":"service"}
{"level":"info","time":"2025-09-02T12:17:33.312+0800","caller":"/Users/triplewings/go/pkg/mod/github.com/xxjwxc/public@v0.0.0-20231208111107-4261fd704a92/timerDeal/timetask.go:63","msg":"next pe day on:2025-09-03 09:30:00","service":"service"}
{"level":"info","time":"2025-09-02T12:17:33.312+0800","caller":"/Users/triplewings/go/pkg/mod/github.com/xxjwxc/public@v0.0.0-20231208111107-4261fd704a92/timerDeal/timetask.go:63","msg":"next pe day on:2025-09-03 10:10:00","service":"service"}
{"level":"info","time":"2025-09-02T12:17:33.312+0800","caller":"/Users/triplewings/go/pkg/mod/github.com/xxjwxc/public@v0.0.0-20231208111107-4261fd704a92/timerDeal/timetask.go:63","msg":"next pe day on:2025-09-03 08:00:00","service":"service"}
{"level":"error","time":"2025-09-02T12:17:33.356+0800","caller":"/Users/triplewings/go/pkg/mod/github.com/xxjwxc/ginrpc@v0.0.0-20230310093254-f637665659ca/common.go:395","msg":"not find any exp.(*ast.ArrayType) [shares/internal/service/shares]","service":"service"}
{"level":"info","time":"2025-09-02T12:17:33.418+0800","caller":"/Users/triplewings/go/pkg/mod/github.com/xxjwxc/public@v0.0.0-20231208111107-4261fd704a92/mydoc/mydoc.go:85","msg":"output swagger doc: /Users/triplewings/gupiao/gupiao_all_in_one/shares/shares/docs/swagger/swagger.json","service":"service"}
{"level":"info","time":"2025-09-02T12:17:33.420+0800","caller":"/Users/triplewings/go/pkg/mod/github.com/xxjwxc/public@v0.0.0-20231208111107-4261fd704a92/mydoc/mydoc.go:121","msg":"output markdown doc: /Users/triplewings/gupiao/gupiao_all_in_one/shares/shares/docs/markdown/Analy.md","service":"service"}
{"level":"info","time":"2025-09-02T12:17:33.423+0800","caller":"/Users/triplewings/go/pkg/mod/github.com/xxjwxc/public@v0.0.0-20231208111107-4261fd704a92/mydoc/mydoc.go:121","msg":"output markdown doc: /Users/triplewings/gupiao/gupiao_all_in_one/shares/shares/docs/markdown/Shares.md","service":"service"}
{"level":"info","time":"2025-09-02T12:17:33.423+0800","caller":"/Users/triplewings/go/pkg/mod/github.com/xxjwxc/public@v0.0.0-20231208111107-4261fd704a92/mydoc/mydoc.go:121","msg":"output markdown doc: /Users/triplewings/gupiao/gupiao_all_in_one/shares/shares/docs/markdown/Weixin.md","service":"service"}
{"level":"info","time":"2025-09-02T12:17:33.436+0800","caller":"/Users/triplewings/gupiao/gupiao_all_in_one/shares/shares/main.go:63","msg":"HTTP listening on :8082","service":"service"}
{"level":"info","time":"2025-09-02T12:18:45.212+0800","caller":"/Users/triplewings/go/pkg/mod/github.com/xxjwxc/public@v0.0.0-20231208111107-4261fd704a92/timerDeal/timetask.go:63","msg":"next pe day on:2025-09-02 16:00:00","service":"service"}
{"level":"info","time":"2025-09-02T12:18:45.211+0800","caller":"/Users/triplewings/go/pkg/mod/github.com/xxjwxc/public@v0.0.0-20231208111107-4261fd704a92/timerDeal/timetask.go:63","msg":"next pe day on:2025-09-02 10:10:00","service":"service"}
{"level":"info","time":"2025-09-02T12:18:45.211+0800","caller":"/Users/triplewings/go/pkg/mod/github.com/xxjwxc/public@v0.0.0-20231208111107-4261fd704a92/timerDeal/timetask.go:63","msg":"next pe day on:2025-09-03 09:30:00","service":"service"}
{"level":"info","time":"2025-09-02T12:18:45.212+0800","caller":"/Users/triplewings/go/pkg/mod/github.com/xxjwxc/public@v0.0.0-20231208111107-4261fd704a92/timerDeal/timetask.go:63","msg":"next pe day on:2025-09-02 14:30:00","service":"service"}
{"level":"info","time":"2025-09-02T12:18:45.211+0800","caller":"/Users/triplewings/go/pkg/mod/github.com/xxjwxc/public@v0.0.0-20231208111107-4261fd704a92/timerDeal/timetask.go:63","msg":"next pe day on:2025-09-02 08:00:00","service":"service"}
{"level":"info","time":"2025-09-02T12:18:45.211+0800","caller":"/Users/triplewings/go/pkg/mod/github.com/xxjwxc/public@v0.0.0-20231208111107-4261fd704a92/timerDeal/timetask.go:63","msg":"next pe day on:2025-09-02 10:00:00","service":"service"}
{"level":"info","time":"2025-09-02T12:18:45.212+0800","caller":"/Users/triplewings/go/pkg/mod/github.com/xxjwxc/public@v0.0.0-20231208111107-4261fd704a92/timerDeal/timetask.go:63","msg":"next pe day on:2025-09-02 08:00:00","service":"service"}
{"level":"info","time":"2025-09-02T12:18:45.212+0800","caller":"/Users/triplewings/go/pkg/mod/github.com/xxjwxc/public@v0.0.0-20231208111107-4261fd704a92/timerDeal/timetask.go:63","msg":"next pe day on:2025-09-03 08:00:00","service":"service"}
{"level":"info","time":"2025-09-02T12:18:45.212+0800","caller":"/Users/triplewings/go/pkg/mod/github.com/xxjwxc/public@v0.0.0-20231208111107-4261fd704a92/timerDeal/timetask.go:63","msg":"next pe day on:2025-09-03 10:10:00","service":"service"}
{"level":"info","time":"2025-09-02T12:18:45.212+0800","caller":"/Users/triplewings/go/pkg/mod/github.com/xxjwxc/public@v0.0.0-20231208111107-4261fd704a92/timerDeal/timetask.go:63","msg":"next pe day on:2025-09-03 10:00:00","service":"service"}
{"level":"info","time":"2025-09-02T12:18:45.212+0800","caller":"/Users/triplewings/go/pkg/mod/github.com/xxjwxc/public@v0.0.0-20231208111107-4261fd704a92/timerDeal/timetask.go:63","msg":"next pe day on:2025-09-03 08:00:00","service":"service"}
{"level":"info","time":"2025-09-02T12:18:45.211+0800","caller":"/Users/triplewings/go/pkg/mod/github.com/xxjwxc/public@v0.0.0-20231208111107-4261fd704a92/timerDeal/timetask.go:63","msg":"next pe day on:2025-09-02 09:10:00","service":"service"}
{"level":"info","time":"2025-09-02T12:18:45.211+0800","caller":"/Users/triplewings/go/pkg/mod/github.com/xxjwxc/public@v0.0.0-20231208111107-4261fd704a92/timerDeal/timetask.go:63","msg":"next pe day on:2025-09-02 20:00:00","service":"service"}
{"level":"info","time":"2025-09-02T12:18:45.212+0800","caller":"/Users/triplewings/go/pkg/mod/github.com/xxjwxc/public@v0.0.0-20231208111107-4261fd704a92/timerDeal/timetask.go:63","msg":"next pe day on:2025-09-03 09:10:00","service":"service"}
{"level":"error","time":"2025-09-02T12:18:45.261+0800","caller":"/Users/triplewings/go/pkg/mod/github.com/xxjwxc/ginrpc@v0.0.0-20230310093254-f637665659ca/common.go:395","msg":"not find any exp.(*ast.ArrayType) [shares/internal/service/shares]","service":"service"}
{"level":"info","time":"2025-09-02T12:18:45.322+0800","caller":"/Users/triplewings/go/pkg/mod/github.com/xxjwxc/public@v0.0.0-20231208111107-4261fd704a92/mydoc/mydoc.go:85","msg":"output swagger doc: /Users/triplewings/gupiao/gupiao_all_in_one/shares/shares/docs/swagger/swagger.json","service":"service"}
{"level":"info","time":"2025-09-02T12:18:45.322+0800","caller":"/Users/triplewings/go/pkg/mod/github.com/xxjwxc/public@v0.0.0-20231208111107-4261fd704a92/mydoc/mydoc.go:121","msg":"output markdown doc: /Users/triplewings/gupiao/gupiao_all_in_one/shares/shares/docs/markdown/Analy.md","service":"service"}
{"level":"info","time":"2025-09-02T12:18:45.324+0800","caller":"/Users/triplewings/go/pkg/mod/github.com/xxjwxc/public@v0.0.0-20231208111107-4261fd704a92/mydoc/mydoc.go:121","msg":"output markdown doc: /Users/triplewings/gupiao/gupiao_all_in_one/shares/shares/docs/markdown/Shares.md","service":"service"}
{"level":"info","time":"2025-09-02T12:18:45.325+0800","caller":"/Users/triplewings/go/pkg/mod/github.com/xxjwxc/public@v0.0.0-20231208111107-4261fd704a92/mydoc/mydoc.go:121","msg":"output markdown doc: /Users/triplewings/gupiao/gupiao_all_in_one/shares/shares/docs/markdown/Weixin.md","service":"service"}
{"level":"info","time":"2025-09-02T12:18:45.338+0800","caller":"/Users/triplewings/gupiao/gupiao_all_in_one/shares/shares/main.go:63","msg":"HTTP listening on :8082","service":"service"}
{"level":"info","time":"2025-09-02T12:20:19.498+0800","caller":"/Users/triplewings/go/pkg/mod/github.com/xxjwxc/ginrpc@v0.0.0-20230310093254-f637665659ca/middleware.go:51","msg":"[middleware] call[Shares.Dayliy] [1.546814209s]","service":"service"}
{"level":"info","time":"2025-09-02T12:43:00.376+0800","caller":"/Users/triplewings/go/pkg/mod/github.com/xxjwxc/ginrpc@v0.0.0-20230310093254-f637665659ca/middleware.go:51","msg":"[middleware] call[Shares.Minute] [2.742630209s]","service":"service"}
{"level":"info","time":"2025-09-02T12:43:27.753+0800","caller":"/Users/triplewings/go/pkg/mod/github.com/xxjwxc/ginrpc@v0.0.0-20230310093254-f637665659ca/middleware.go:51","msg":"[middleware] call[Shares.Minute] [125.018583ms]","service":"service"}
{"level":"info","time":"2025-09-02T12:43:58.495+0800","caller":"/Users/triplewings/go/pkg/mod/github.com/xxjwxc/ginrpc@v0.0.0-20230310093254-f637665659ca/middleware.go:51","msg":"[middleware] call[Shares.Minute] [162.899541ms]","service":"service"}
{"level":"info","time":"2025-09-02T12:44:28.471+0800","caller":"/Users/triplewings/go/pkg/mod/github.com/xxjwxc/ginrpc@v0.0.0-20230310093254-f637665659ca/middleware.go:51","msg":"[middleware] call[Shares.Minute] [156.307833ms]","service":"service"}
{"level":"info","time":"2025-09-02T12:44:58.518+0800","caller":"/Users/triplewings/go/pkg/mod/github.com/xxjwxc/ginrpc@v0.0.0-20230310093254-f637665659ca/middleware.go:51","msg":"[middleware] call[Shares.Minute] [162.736125ms]","service":"service"}
{"level":"info","time":"2025-09-02T12:45:28.466+0800","caller":"/Users/triplewings/go/pkg/mod/github.com/xxjwxc/ginrpc@v0.0.0-20230310093254-f637665659ca/middleware.go:51","msg":"[middleware] call[Shares.Minute] [150.614541ms]","service":"service"}
{"level":"info","time":"2025-09-02T12:45:58.589+0800","caller":"/Users/triplewings/go/pkg/mod/github.com/xxjwxc/ginrpc@v0.0.0-20230310093254-f637665659ca/middleware.go:51","msg":"[middleware] call[Shares.Minute] [135.789209ms]","service":"service"}
{"level":"info","time":"2025-09-02T12:46:31.782+0800","caller":"/Users/triplewings/go/pkg/mod/github.com/xxjwxc/ginrpc@v0.0.0-20230310093254-f637665659ca/middleware.go:51","msg":"[middleware] call[Shares.Minute] [172.132167ms]","service":"service"}
{"level":"info","time":"2025-09-02T12:47:31.868+0800","caller":"/Users/triplewings/go/pkg/mod/github.com/xxjwxc/ginrpc@v0.0.0-20230310093254-f637665659ca/middleware.go:51","msg":"[middleware] call[Shares.Minute] [157.264125ms]","service":"service"}
{"level":"info","time":"2025-09-02T12:48:31.853+0800","caller":"/Users/triplewings/go/pkg/mod/github.com/xxjwxc/ginrpc@v0.0.0-20230310093254-f637665659ca/middleware.go:51","msg":"[middleware] call[Shares.Minute] [182.853542ms]","service":"service"}
{"level":"info","time":"2025-09-02T12:49:06.040+0800","caller":"/Users/triplewings/go/pkg/mod/github.com/xxjwxc/public@v0.0.0-20231208111107-4261fd704a92/timerDeal/timetask.go:63","msg":"next pe day on:2025-09-02 09:10:00","service":"service"}
{"level":"info","time":"2025-09-02T12:49:06.040+0800","caller":"/Users/triplewings/go/pkg/mod/github.com/xxjwxc/public@v0.0.0-20231208111107-4261fd704a92/timerDeal/timetask.go:63","msg":"next pe day on:2025-09-02 10:10:00","service":"service"}
{"level":"info","time":"2025-09-02T12:49:06.040+0800","caller":"/Users/triplewings/go/pkg/mod/github.com/xxjwxc/public@v0.0.0-20231208111107-4261fd704a92/timerDeal/timetask.go:63","msg":"next pe day on:2025-09-02 10:00:00","service":"service"}
{"level":"info","time":"2025-09-02T12:49:06.041+0800","caller":"/Users/triplewings/go/pkg/mod/github.com/xxjwxc/public@v0.0.0-20231208111107-4261fd704a92/timerDeal/timetask.go:63","msg":"next pe day on:2025-09-02 16:00:00","service":"service"}
{"level":"info","time":"2025-09-02T12:49:06.040+0800","caller":"/Users/triplewings/go/pkg/mod/github.com/xxjwxc/public@v0.0.0-20231208111107-4261fd704a92/timerDeal/timetask.go:63","msg":"next pe day on:2025-09-02 08:00:00","service":"service"}
{"level":"info","time":"2025-09-02T12:49:06.041+0800","caller":"/Users/triplewings/go/pkg/mod/github.com/xxjwxc/public@v0.0.0-20231208111107-4261fd704a92/timerDeal/timetask.go:63","msg":"next pe day on:2025-09-02 20:00:00","service":"service"}
{"level":"info","time":"2025-09-02T12:49:06.041+0800","caller":"/Users/triplewings/go/pkg/mod/github.com/xxjwxc/public@v0.0.0-20231208111107-4261fd704a92/timerDeal/timetask.go:63","msg":"next pe day on:2025-09-03 08:00:00","service":"service"}
{"level":"info","time":"2025-09-02T12:49:06.041+0800","caller":"/Users/triplewings/go/pkg/mod/github.com/xxjwxc/public@v0.0.0-20231208111107-4261fd704a92/timerDeal/timetask.go:63","msg":"next pe day on:2025-09-02 14:30:00","service":"service"}
{"level":"info","time":"2025-09-02T12:49:06.040+0800","caller":"/Users/triplewings/go/pkg/mod/github.com/xxjwxc/public@v0.0.0-20231208111107-4261fd704a92/timerDeal/timetask.go:63","msg":"next pe day on:2025-09-02 08:00:00","service":"service"}
{"level":"info","time":"2025-09-02T12:49:06.041+0800","caller":"/Users/triplewings/go/pkg/mod/github.com/xxjwxc/public@v0.0.0-20231208111107-4261fd704a92/timerDeal/timetask.go:63","msg":"next pe day on:2025-09-03 08:00:00","service":"service"}
{"level":"info","time":"2025-09-02T12:49:06.041+0800","caller":"/Users/triplewings/go/pkg/mod/github.com/xxjwxc/public@v0.0.0-20231208111107-4261fd704a92/timerDeal/timetask.go:63","msg":"next pe day on:2025-09-03 10:10:00","service":"service"}
{"level":"info","time":"2025-09-02T12:49:06.040+0800","caller":"/Users/triplewings/go/pkg/mod/github.com/xxjwxc/public@v0.0.0-20231208111107-4261fd704a92/timerDeal/timetask.go:63","msg":"next pe day on:2025-09-02 09:30:00","service":"service"}
{"level":"info","time":"2025-09-02T12:49:06.041+0800","caller":"/Users/triplewings/go/pkg/mod/github.com/xxjwxc/public@v0.0.0-20231208111107-4261fd704a92/timerDeal/timetask.go:63","msg":"next pe day on:2025-09-03 09:10:00","service":"service"}
{"level":"info","time":"2025-09-02T12:49:06.041+0800","caller":"/Users/triplewings/go/pkg/mod/github.com/xxjwxc/public@v0.0.0-20231208111107-4261fd704a92/timerDeal/timetask.go:63","msg":"next pe day on:2025-09-03 10:00:00","service":"service"}
{"level":"info","time":"2025-09-02T12:49:06.041+0800","caller":"/Users/triplewings/go/pkg/mod/github.com/xxjwxc/public@v0.0.0-20231208111107-4261fd704a92/timerDeal/timetask.go:63","msg":"next pe day on:2025-09-03 09:30:00","service":"service"}
{"level":"error","time":"2025-09-02T12:49:06.091+0800","caller":"/Users/triplewings/go/pkg/mod/github.com/xxjwxc/ginrpc@v0.0.0-20230310093254-f637665659ca/common.go:395","msg":"not find any exp.(*ast.ArrayType) [shares/internal/service/shares]","service":"service"}
{"level":"info","time":"2025-09-02T12:49:06.157+0800","caller":"/Users/triplewings/go/pkg/mod/github.com/xxjwxc/public@v0.0.0-20231208111107-4261fd704a92/mydoc/mydoc.go:85","msg":"output swagger doc: /Users/triplewings/gupiao/gupiao_all_in_one/shares/shares/docs/swagger/swagger.json","service":"service"}
{"level":"info","time":"2025-09-02T12:49:06.158+0800","caller":"/Users/triplewings/go/pkg/mod/github.com/xxjwxc/public@v0.0.0-20231208111107-4261fd704a92/mydoc/mydoc.go:121","msg":"output markdown doc: /Users/triplewings/gupiao/gupiao_all_in_one/shares/shares/docs/markdown/Analy.md","service":"service"}
{"level":"info","time":"2025-09-02T12:49:06.160+0800","caller":"/Users/triplewings/go/pkg/mod/github.com/xxjwxc/public@v0.0.0-20231208111107-4261fd704a92/mydoc/mydoc.go:121","msg":"output markdown doc: /Users/triplewings/gupiao/gupiao_all_in_one/shares/shares/docs/markdown/Shares.md","service":"service"}
{"level":"info","time":"2025-09-02T12:49:06.161+0800","caller":"/Users/triplewings/go/pkg/mod/github.com/xxjwxc/public@v0.0.0-20231208111107-4261fd704a92/mydoc/mydoc.go:121","msg":"output markdown doc: /Users/triplewings/gupiao/gupiao_all_in_one/shares/shares/docs/markdown/Weixin.md","service":"service"}
{"level":"info","time":"2025-09-02T12:49:06.174+0800","caller":"/Users/triplewings/gupiao/gupiao_all_in_one/shares/shares/main.go:63","msg":"HTTP listening on :8082","service":"service"}
{"level":"info","time":"2025-09-02T12:49:08.708+0800","caller":"/Users/triplewings/go/pkg/mod/github.com/xxjwxc/ginrpc@v0.0.0-20230310093254-f637665659ca/middleware.go:51","msg":"[middleware] call[Shares.Minute] [339.773ms]","service":"service"}
{"level":"info","time":"2025-09-02T12:49:27.765+0800","caller":"/Users/triplewings/go/pkg/mod/github.com/xxjwxc/ginrpc@v0.0.0-20230310093254-f637665659ca/middleware.go:51","msg":"[middleware] call[Shares.Minute] [125.309125ms]","service":"service"}
{"level":"info","time":"2025-09-02T12:49:48.681+0800","caller":"/Users/triplewings/go/pkg/mod/github.com/xxjwxc/ginrpc@v0.0.0-20230310093254-f637665659ca/middleware.go:51","msg":"[middleware] call[Shares.Dayliy] [157.492084ms]","service":"service"}
